
 ++++++++++++++++++++++++++++++++++++++++++++++++++++++++++++++++++++
 +  SHELXTL XLMP CRYSTAL STRUCTURE REFINEMENT -  MULTI-CPU VERSION  +
 +  Copyright(c) Bruker AXS Inc. 1993-2018          Version 2018/3  +
 +  iam_uncut                   started at 16:11:19 on 27-Sep-2021  +
 ++++++++++++++++++++++++++++++++++++++++++++++++++++++++++++++++++++

 Command line parameters: iam_uncut -a50000 -b3000 -c624 -g0 -m0 -t20

 -a sets the approximate maximum number of atoms including hydrogens.
 -b sets the maximum number of full-matrix parameters (not used by CGLS).
 For example -b9000 allows refinement of 1000 anisotropic atoms or 3000
 with BLOC 1. For a 32-bit version, -b times the square root of the
 number of threads should not exceed about 65500. -c sets the reflection
 buffer size. This depends on the CPU cache size but will rarely
 need changing.

 -g sets the number of reflection groups used for calculating R_complete,
 This must be greater than 1 but not greater than the total number of
 reflections for refinement. -m sets the current reflection group number.
 This may not be less than 1 nor greater than the number set by -g. These
 command line flags override other ways of defining free-R reflections.
 The -m value is also used as a seed for the WIGL pseudo-random shifts.

 -t sets the number of threads, otherwise it is set to the apparent
 number of CPUs. For optimal performance on hyperthreading systems,
 -t should be set to a little more than half the number of CPUs;
 e.g. -t4 or -t5 for an Intel i7 processor.

 Running 20 threads on 20 processors

 TITL xylitol_B3P 21 21 21z_eR = 0.02
     mala.res
     created by SHELXL-2018/3 at 11:27:03 on 23-Sep-2021
 CELL  0.71073    8.2640    8.9010    8.9223    90.000    90.000    90.000
 ZERR        4    0.0040    0.0020    0.0014     0.000     0.000     0.000
 LATT  -1
 SYMM     0.50000 - X ,            - Y ,    0.50000 + Z
 SYMM     0.50000 + X ,    0.50000 - Y ,            - Z
 SYMM             - X ,    0.50000 + Y ,    0.50000 - Z
 SFAC  C  H  O
 UNIT    20   48  20

 V =      656.31     F(000) =     328.0     Mu =   0.14 mm-1      Cell Wt =      608.58    Rho =  1.540

 LIST 4 ! automatically inserted. Change 6 to 4 for CHECKCIF!!
 ACTA
 TEMP  -151
 L.S. 10
 FMAP 2
 PLAN -20
 ACTA
 BOND $H
 CONF
 WGHT    0.000000
 EXTI    0.032230
 FVAR       0.38506
 O1    3    0.678623    0.228706    0.421964    11.00000    0.00998    0.01720 =
          0.01059   -0.00015   -0.00086    0.00079
 H11   2    0.745166    0.249930    0.363258    11.00000   -0.00061
 O2    3    0.614960    0.436365    0.182868    11.00000    0.01050    0.01489 =
          0.01253    0.00056    0.00015   -0.00349
 H12   2    0.645259    0.430195    0.098560    11.00000    0.00451
 O3    3    0.317942    0.431016    0.040211    11.00000    0.01442    0.01322 =
          0.00927   -0.00006   -0.00042    0.00104
 H13   2    0.304427    0.512215    0.029193    11.00000    0.03354
 O4    3    0.228827    0.129442    0.108014    11.00000    0.01258    0.01194 =
          0.01104   -0.00112   -0.00135    0.00151
 H14   2    0.275563    0.057275    0.154934    11.00000    0.03668
 O5    3   -0.088753    0.205577    0.215901    11.00000    0.00918    0.01738 =
          0.01281   -0.00185    0.00147   -0.00107
 H15   2   -0.118626    0.185020    0.136062    11.00000    0.00532
 C1    1    0.524417    0.293341    0.390491    11.00000    0.01051    0.01627 =
          0.00858    0.00004   -0.00055    0.00101
 H1A   2    0.504238    0.382782    0.436680    11.00000    0.01644
 H1B   2    0.460208    0.231210    0.422980    11.00000    0.01845
 C2    1    0.500760    0.322639    0.224313    11.00000    0.00827    0.01181 =
          0.00881   -0.00053    0.00107   -0.00011
 H2    2    0.520799    0.251232    0.169236    11.00000    0.01897
 C3    1    0.328012    0.375212    0.190567    11.00000    0.00933    0.01143 =
          0.00927   -0.00059   -0.00024    0.00078
 H3    2    0.309879    0.456840    0.255551    11.00000    0.00954
 C4    1    0.200892    0.251793    0.210150    11.00000    0.00868    0.01212 =
          0.00880   -0.00121   -0.00061    0.00003
 H4    2    0.205436    0.210949    0.315550    11.00000   -0.00100
 C5    1    0.032669    0.315567    0.185145    11.00000    0.00945    0.01206 =
          0.01584   -0.00195   -0.00033    0.00010
 H5A   2    0.011109    0.437637    0.247631    11.00000    0.07036
 H5B   2    0.035091    0.359259    0.081241    11.00000    0.00988
 HKLF 4



 Covalent radii and connectivity table for  xylitol_B3P 21 21 21z_eR = 0.02                                            
 C      0.770
 H      0.320
 O      0.660

 O1 - C1
 O2 - C2
 O3 - C3
 O4 - C4
 O5 - C5
 C1 - O1 C2
 C2 - O2 C1 C3
 C3 - O3 C4 C2
 C4 - O4 C5 C3
 C5 - O5 C4


     9942  Reflections read, of which       0  rejected

   0 =< h =< 20,      0 =< k =< 21,    -21 =< l =< 21,   Max. 2-theta =  119.88

        0  Systematic absence violations (I>3sig(I)) before merging
 
 ** WARNING: Input data appear to be merged: CIF file will be incomplete **

        0  Inconsistent equivalents

     9942  Unique reflections, of which       0  suppressed

 R(int) = 0.0000     R(sigma) = 0.8342      Friedel opposites not merged

 Maximum memory for data reduction =     1377 /    98706


 Reflection statistics for all twin components combined (TWST 0 set)
 Number of data for d > 0.411A (CIF: max) and d > 0.833A (CIF: full)
 (ignoring systematic absences):
 Unique reflections found (point group)       9942    1189
 Unique reflections possible (point group)    9944    1189
 Unique reflections found (Laue group)        5483     714
 Unique reflections possible (Laue group)     5484     714
 Unique Friedel pairs found                   4459     475
 Unique Friedel pairs possible                4460     475


 Least-squares cycle   1   Maximum vector length =  623   Memory required =     29 /   1709 /   211379

 wR2 =  0.004659 before cycle   1 for    9942 data and    140 /    140 parameters

 GooF = S =     0.328;     Restrained GooF =      0.328 for       0 restraints

 Weight = 1 / [ sigma^2(Fo^2) + ( 0.0000 * P )^2 +   0.00 * P ]   where  P = ( Max ( Fo^2, 0 ) + 2 * Fc^2 ) / 3


     N      value        esd    shift/esd  parameter

     1     0.38511     0.00017     0.307    OSF
     2     0.03224     0.00060     0.020   EXTI    
   123    -0.00710     0.00139    -4.375    U11 H4

 Mean shift/esd =   0.050  Maximum =    -4.375 for  U11 H4       

 Max. shift = 0.001 A for H11        Max. dU =-0.006 for H4        


 Least-squares cycle   2   Maximum vector length =  623   Memory required =     29 /   1709 /   211379

 wR2 =  0.004915 before cycle   2 for    9942 data and    140 /    140 parameters

 GooF = S =     0.346;     Restrained GooF =      0.346 for       0 restraints

 Weight = 1 / [ sigma^2(Fo^2) + ( 0.0000 * P )^2 +   0.00 * P ]   where  P = ( Max ( Fo^2, 0 ) + 2 * Fc^2 ) / 3


     N      value        esd    shift/esd  parameter

     1     0.38507     0.00018    -0.249    OSF
     2     0.03224     0.00063     0.003   EXTI    
   123    -0.00913     0.00147    -5.532    U11 H4

 Mean shift/esd =   0.053  Maximum =    -5.532 for  U11 H4       

 Max. shift = 0.001 A for H1B        Max. dU =-0.008 for H4        


 Least-squares cycle   3   Maximum vector length =  623   Memory required =     29 /   1709 /   211379

 wR2 =  0.005500 before cycle   3 for    9942 data and    140 /    140 parameters

 GooF = S =     0.388;     Restrained GooF =      0.388 for       0 restraints

 Weight = 1 / [ sigma^2(Fo^2) + ( 0.0000 * P )^2 +   0.00 * P ]   where  P = ( Max ( Fo^2, 0 ) + 2 * Fc^2 ) / 3


     N      value        esd    shift/esd  parameter

     1     0.38506     0.00021    -0.015    OSF
     2     0.03224     0.00071    -0.011   EXTI    
   123    -0.00913     0.00165    -4.943    U11 H4

 Mean shift/esd =   0.045  Maximum =    -4.943 for  U11 H4       

 Max. shift = 0.001 A for H5A        Max. dU =-0.008 for H4        


 Least-squares cycle   4   Maximum vector length =  623   Memory required =     29 /   1709 /   211379

 wR2 =  0.004899 before cycle   4 for    9942 data and    140 /    140 parameters

 GooF = S =     0.345;     Restrained GooF =      0.345 for       0 restraints

 Weight = 1 / [ sigma^2(Fo^2) + ( 0.0000 * P )^2 +   0.00 * P ]   where  P = ( Max ( Fo^2, 0 ) + 2 * Fc^2 ) / 3


     N      value        esd    shift/esd  parameter

     1     0.38507     0.00018     0.034    OSF
     2     0.03225     0.00063     0.020   EXTI    
   123    -0.00913     0.00147    -5.550    U11 H4

 Mean shift/esd =   0.048  Maximum =    -5.550 for  U11 H4       

 Max. shift = 0.000 A for H1A        Max. dU =-0.008 for H4        


 Least-squares cycle   5   Maximum vector length =  623   Memory required =     29 /   1709 /   211379

 wR2 =  0.005364 before cycle   5 for    9942 data and    140 /    140 parameters

 GooF = S =     0.378;     Restrained GooF =      0.378 for       0 restraints

 Weight = 1 / [ sigma^2(Fo^2) + ( 0.0000 * P )^2 +   0.00 * P ]   where  P = ( Max ( Fo^2, 0 ) + 2 * Fc^2 ) / 3


     N      value        esd    shift/esd  parameter

     1     0.38507     0.00020     0.003    OSF
     2     0.03225     0.00069    -0.004   EXTI    
   123    -0.00910     0.00160    -5.049    U11 H4

 Mean shift/esd =   0.045  Maximum =    -5.049 for  U11 H4       

 Max. shift = 0.000 A for H1B        Max. dU =-0.008 for H4        


 Least-squares cycle   6   Maximum vector length =  623   Memory required =     29 /   1709 /   211379

 wR2 =  0.005633 before cycle   6 for    9942 data and    140 /    140 parameters

 GooF = S =     0.397;     Restrained GooF =      0.397 for       0 restraints

 Weight = 1 / [ sigma^2(Fo^2) + ( 0.0000 * P )^2 +   0.00 * P ]   where  P = ( Max ( Fo^2, 0 ) + 2 * Fc^2 ) / 3


     N      value        esd    shift/esd  parameter

     1     0.38507     0.00021    -0.007    OSF
     2     0.03225     0.00073     0.004   EXTI    
   123    -0.00909     0.00169    -4.800    U11 H4

 Mean shift/esd =   0.041  Maximum =    -4.800 for  U11 H4       

 Max. shift = 0.000 A for H13        Max. dU =-0.008 for H4        


 Least-squares cycle   7   Maximum vector length =  623   Memory required =     29 /   1709 /   211379

 wR2 =  0.004874 before cycle   7 for    9942 data and    140 /    140 parameters

 GooF = S =     0.343;     Restrained GooF =      0.343 for       0 restraints

 Weight = 1 / [ sigma^2(Fo^2) + ( 0.0000 * P )^2 +   0.00 * P ]   where  P = ( Max ( Fo^2, 0 ) + 2 * Fc^2 ) / 3


     N      value        esd    shift/esd  parameter

     1     0.38506     0.00018    -0.031    OSF
     2     0.03224     0.00063    -0.009   EXTI    
   123    -0.00912     0.00146    -5.567    U11 H4

 Mean shift/esd =   0.048  Maximum =    -5.567 for  U11 H4       

 Max. shift = 0.000 A for H1B        Max. dU =-0.008 for H4        


 Least-squares cycle   8   Maximum vector length =  623   Memory required =     29 /   1709 /   211379

 wR2 =  0.004957 before cycle   8 for    9942 data and    140 /    140 parameters

 GooF = S =     0.349;     Restrained GooF =      0.349 for       0 restraints

 Weight = 1 / [ sigma^2(Fo^2) + ( 0.0000 * P )^2 +   0.00 * P ]   where  P = ( Max ( Fo^2, 0 ) + 2 * Fc^2 ) / 3


     N      value        esd    shift/esd  parameter

     1     0.38507     0.00019     0.045    OSF
     2     0.03225     0.00064     0.017   EXTI    
   123    -0.00911     0.00148    -5.469    U11 H4

 Mean shift/esd =   0.047  Maximum =    -5.469 for  U11 H4       

 Max. shift = 0.000 A for H5A        Max. dU =-0.008 for H4        


 Least-squares cycle   9   Maximum vector length =  623   Memory required =     29 /   1709 /   211379

 wR2 =  0.004831 before cycle   9 for    9942 data and    140 /    140 parameters

 GooF = S =     0.340;     Restrained GooF =      0.340 for       0 restraints

 Weight = 1 / [ sigma^2(Fo^2) + ( 0.0000 * P )^2 +   0.00 * P ]   where  P = ( Max ( Fo^2, 0 ) + 2 * Fc^2 ) / 3


     N      value        esd    shift/esd  parameter

     1     0.38507     0.00018    -0.004    OSF
     2     0.03226     0.00062     0.002   EXTI    
   123    -0.00908     0.00145    -5.589    U11 H4

 Mean shift/esd =   0.046  Maximum =    -5.589 for  U11 H4       

 Max. shift = 0.000 A for H3        Max. dU =-0.008 for H4         


 Least-squares cycle  10   Maximum vector length =  623   Memory required =     29 /   1709 /   211379

 wR2 =  0.005255 before cycle  10 for    9942 data and    140 /    140 parameters

 GooF = S =     0.370;     Restrained GooF =      0.370 for       0 restraints

 Weight = 1 / [ sigma^2(Fo^2) + ( 0.0000 * P )^2 +   0.00 * P ]   where  P = ( Max ( Fo^2, 0 ) + 2 * Fc^2 ) / 3


     N      value        esd    shift/esd  parameter

     1     0.38507     0.00020    -0.018    OSF
     2     0.03225     0.00068    -0.003   EXTI    
   123    -0.00910     0.00157    -5.151    U11 H4

 Mean shift/esd =   0.043  Maximum =    -5.151 for  U11 H4       

 Max. shift = 0.000 A for H1B        Max. dU =-0.008 for H4        


 Largest correlation matrix elements

     0.610 EXTI / OSF 



  xylitol_B3P 21 21 21z_eR = 0.02                                            

 ATOM           x        y        z         sof        U11      U22      U33      U23      U13      U12       Ueq

 O1          0.67862  0.22871  0.42196    1.00000    0.00999  0.01719  0.01058 -0.00015 -0.00086  0.00078   0.01259
   0.00070   0.00006  0.00005  0.00005    0.00000    0.00013  0.00019  0.00012  0.00011  0.00009  0.00013   0.00006

 H11         0.74534  0.24992  0.36304    1.00000   -0.00037
   0.01329   0.00099  0.00085  0.00086    0.00000    0.00172

 O2          0.61496  0.43636  0.18287    1.00000    0.01050  0.01490  0.01252  0.00056  0.00014 -0.00349   0.01264
   0.00074   0.00005  0.00005  0.00005    0.00000    0.00015  0.00018  0.00015  0.00014  0.00011  0.00012   0.00007

 H12         0.64510  0.43025  0.09852    1.00000    0.00455
   0.01366   0.00097  0.00097  0.00101    0.00000    0.00197

 O3          0.31794  0.43102  0.04021    1.00000    0.01442  0.01322  0.00926 -0.00006 -0.00042  0.00104   0.01230
   0.00083   0.00007  0.00005  0.00005    0.00000    0.00014  0.00015  0.00012  0.00012  0.00011  0.00014   0.00006

 H13         0.30466  0.51224  0.02913    1.00000    0.03372
   0.02207   0.00165  0.00146  0.00139    0.00000    0.00344

 O4          0.22883  0.12944  0.10801    1.00000    0.01257  0.01195  0.01104 -0.00112 -0.00135  0.00151   0.01185
   0.00076   0.00005  0.00005  0.00005    0.00000    0.00016  0.00013  0.00014  0.00013  0.00010  0.00012   0.00006

 H14         0.27546  0.05723  0.15468    1.00000    0.03682
   0.02213   0.00128  0.00153  0.00143    0.00000    0.00368

 O5         -0.08875  0.20558  0.21590    1.00000    0.00918  0.01737  0.01282 -0.00184  0.00147 -0.00106   0.01312
   0.00077   0.00005  0.00005  0.00005    0.00000    0.00014  0.00020  0.00015  0.00014  0.00010  0.00013   0.00007

 H15        -0.11858  0.18503  0.13611    1.00000    0.00537
   0.01725   0.00105  0.00118  0.00094    0.00000    0.00197

 C1          0.52442  0.29334  0.39050    1.00000    0.01050  0.01627  0.00859  0.00004 -0.00055  0.00101   0.01179
   0.00112   0.00007  0.00008  0.00006    0.00000    0.00017  0.00017  0.00014  0.00016  0.00012  0.00015   0.00007

 H1A         0.50424  0.38282  0.43659    1.00000    0.01625
   0.01713   0.00123  0.00114  0.00127    0.00000    0.00256

 H1B         0.46011  0.23155  0.42295    1.00000    0.01762
   0.01872   0.00143  0.00118  0.00124    0.00000    0.00268

 C2          0.50076  0.32264  0.22431    1.00000    0.00828  0.01182  0.00881 -0.00053  0.00107 -0.00011   0.00963
   0.00096   0.00007  0.00007  0.00006    0.00000    0.00013  0.00018  0.00012  0.00014  0.00013  0.00011   0.00006

 H2          0.52075  0.25126  0.16938    1.00000    0.01873
   0.01961   0.00126  0.00122  0.00132    0.00000    0.00254

 C3          0.32801  0.37521  0.19056    1.00000    0.00933  0.01143  0.00929 -0.00060 -0.00024  0.00078   0.01002
   0.00099   0.00006  0.00006  0.00006    0.00000    0.00015  0.00015  0.00015  0.00015  0.00013  0.00015   0.00006

 H3          0.30972  0.45686  0.25570    1.00000    0.00967
   0.01460   0.00119  0.00088  0.00109    0.00000    0.00219

 C4          0.20089  0.25179  0.21015    1.00000    0.00867  0.01212  0.00881 -0.00122 -0.00061  0.00003   0.00986
   0.00084   0.00006  0.00006  0.00005    0.00000    0.00014  0.00018  0.00010  0.00015  0.00012  0.00014   0.00006

 H4          0.20540  0.21094  0.31552    1.00000   -0.00100
   0.01352   0.00082  0.00083  0.00094    0.00000    0.00157

 C5          0.03267  0.31556  0.18514    1.00000    0.00945  0.01206  0.01583 -0.00195 -0.00033  0.00010   0.01245
   0.00096   0.00006  0.00006  0.00006    0.00000    0.00014  0.00018  0.00021  0.00016  0.00015  0.00015   0.00008

 H5A         0.01109  0.43762  0.24743    1.00000    0.07034
   0.02668   0.00173  0.00158  0.00199    0.00000    0.00499

 H5B         0.03512  0.35913  0.08127    1.00000    0.00991
   0.01653   0.00111  0.00103  0.00115    0.00000    0.00230



 Final Structure Factor Calculation for  xylitol_B3P 21 21 21z_eR = 0.02                                            

 Total number of l.s. parameters =   140  Maximum vector length =  623   Memory required =     29 /   1569 /    26789

 wR2 =  0.005048 before cycle  11 for    9942 data and      0 /    140 parameters

 GooF = S =     0.356;     Restrained GooF =      0.356 for       0 restraints

 Weight = 1 / [ sigma^2(Fo^2) + ( 0.0000 * P )^2 +   0.00 * P ]   where  P = ( Max ( Fo^2, 0 ) + 2 * Fc^2 ) / 3

 wR2 = 0.005048, GooF = S = 0.35568, Restrained GooF = 0.35568 for all data
 R1 = 0.024061 for 1596 Fo > 4sig(Fo) and 0.268768 for all 9942 data

 Flack x =   -0.071(64) by classical fit to all intensities
             -0.206(169) from 353 selected quotients (Parsons' method)
 ** Classical Flack determination preferred because s.u. lower **

 Occupancy sum of asymmetric unit =    10.00 for non-hydrogen and    12.00 for H and D atoms



 Principal mean square atomic displacements U

   0.0173   0.0111   0.0093   O1  
  -0.0004  -0.0004  -0.0004   H11   ** NON POSITIVE DEFINITE **
   0.0169   0.0125   0.0085   O2  
   0.0150   0.0126   0.0092   O3  
   0.0147   0.0107   0.0102   O4  
   0.0183   0.0125   0.0086   O5  
   0.0164   0.0105   0.0084   C1  
   0.0119   0.0096   0.0074   C2  
   0.0118   0.0091   0.0091   C3  
   0.0125   0.0091   0.0079   C4  
  -0.0010  -0.0010  -0.0010   H4   ** NON POSITIVE DEFINITE **
   0.0167   0.0112   0.0094   C5  

 ** Warning:     0  atoms may be split and     2  atoms NPD **



 Analysis of variance for reflections employed in refinement      K = Mean[Fo^2] / Mean[Fc^2]  for group


 Fc/Fc(max)       0.000    0.013    0.018    0.024    0.030    0.036    0.045    0.056    0.073    0.110    1.000

 Number in group      1130.     897.    1065.    1006.     872.    1082.     920.     975.    1002.     993.

            GooF      0.415    0.118    0.104    0.143    0.252    0.163    0.245    0.286    0.412    0.903

             K        0.000    0.000    0.002    0.021    0.517    0.684    0.790    0.880    0.937    0.990


 Resolution(A)    0.41     0.43     0.44     0.46     0.49     0.52     0.56     0.61     0.70     0.88     inf

 Number in group      1017.     972.    1001.     997.     992.     990.     994.     990.     986.    1003.

            GooF      0.338    0.235    0.219    0.180    0.187    0.216    0.256    0.224    0.329    0.940

             K        0.359    0.489    0.625    0.686    0.714    0.784    0.866    0.907    0.939    0.988

             R1       2.890    1.646    0.942    0.698    0.595    0.413    0.236    0.140    0.087    0.048


 Recommended weighting scheme:  WGHT    0.0000    0.0000


 Most Disagreeable Reflections (* if suppressed or used for Rfree).
 Error/esd is calculated as sqrt(wD^2/<wD^2>) where w is given by the weight
 formula, D = Fo^2-Fc^2 and <> refers to the average over all reflections.

     h   k   l          Fo^2          Fc^2    Error/esd  Fc/Fc(max)  Resolution(A)

     3   5   8        134.90        134.32      24.55       0.148       0.89
    -4   8   2         40.44         39.99      19.00       0.081       0.96
    -1   4   5        243.15        208.48      15.46       0.185       1.37
     3   3   0       1377.01       1321.05      14.75       0.466       2.02
     4   4   1       1384.50       1387.35      14.70       0.477       1.49
    -1   7   1        189.06        197.61      14.36       0.180       1.24
    18   8   1          0.00          0.34      14.19       0.007       0.42
     2   4   4        419.57        353.59      12.90       0.241       1.47
    -2   5   1        263.71        264.86      12.01       0.208       1.61
     3   0   2       2061.30       2142.22      11.63       0.593       2.34
     7   2   8        229.47        229.74      11.38       0.194       0.80
     8   5   0          0.00          0.54      11.34       0.009       0.89
     1   0   2       3950.11       4068.91      10.56       0.817       3.93
     3   2   1       1008.96       1007.95      10.45       0.407       2.27
    -1   2   4        107.93         73.63      10.36       0.110       1.94
     1   2   1        553.71        498.57      10.02       0.286       3.59
     1   2   0       2908.11       3119.62      10.01       0.715       3.92
     0   4   2         20.22         19.99       9.63       0.057       1.99
    -3   2   3        358.73        298.29       9.61       0.221       1.84
    -3   4   1        583.68        516.13       9.55       0.291       1.70
     5  12  17          0.00          0.67       9.44       0.011       0.41
     4   1   1        915.54        868.30       9.28       0.377       1.96
     0   2   6        535.77        551.47       9.23       0.301       1.41
    -9  16   6          6.74          5.64       9.22       0.030       0.45
     9  14   2          0.00          0.44       9.18       0.008       0.52
    -5   5   2        107.93        112.59       8.90       0.136       1.17
    -6   3   4        195.79        210.30       8.70       0.186       1.09
    -1   2   1        546.87        498.30       8.35       0.286       3.59
     4   4   2        101.17         86.27       8.34       0.119       1.43
    -1   1   1        600.07        585.02       8.24       0.310       5.01
     0   1   9        128.16        124.91       8.02       0.143       0.99
    15  10   8          0.00          0.94       7.93       0.012       0.43
    10  10   5         33.70         30.36       7.79       0.071       0.57
    -2   3   3         67.46         73.79       7.39       0.110       1.87
     1   2   5        727.74        696.69       7.39       0.338       1.62
     7   1   1        168.80        208.64       7.36       0.185       1.16
    -5   1   2        480.97        421.49       7.35       0.263       1.53
     6   4   4        189.00        196.71       7.35       0.180       1.04
    15   4  13          0.00          0.17       7.32       0.005       0.42
     7   0   2        965.86        973.55       7.28       0.400       1.14
     0   2   2       1436.55       1377.48       7.18       0.475       3.15
    -3   4   3        802.36        734.04       7.11       0.347       1.50
     3   4   0       1506.38       1462.50       7.08       0.490       1.73
    -3   3   1        311.25        258.91       7.06       0.206       1.97
   -15   4  13          0.00          0.17       7.04       0.005       0.42
    16   0  11          0.00          0.99       6.97       0.013       0.44
   -14   8  13          0.00          0.33       6.95       0.007       0.42
    10  12   7         13.48         15.12       6.90       0.050       0.51
    13   2   4         26.96         27.28       6.83       0.067       0.61
    -2   5   6        263.44        264.89       6.78       0.208       1.10



 Bond lengths and angles

 O1 -            Distance        Angles
 C1        1.4261 (0.0009) 
 H11       0.7848 (0.0085)  113.50 (0.53)
                 O1              C1           

 O2 -            Distance        Angles
 C2        1.4325 (0.0009) 
 H12       0.7946 (0.0091)  113.74 (0.60)
                 O2              C2           

 O3 -            Distance        Angles
 C3        1.4329 (0.0007) 
 H13       0.7379 (0.0128)  118.28 (0.98)
                 O3              C3           

 O4 -            Distance        Angles
 C4        1.4387 (0.0007) 
 H14       0.8573 (0.0129)  109.39 (0.85)
                 O4              C4           

 O5 -            Distance        Angles
 C5        1.4285 (0.0008) 
 H15       0.7752 (0.0087)  102.05 (0.76)
                 O5              C5           

 C1 -            Distance        Angles
 O1        1.4261 (0.0009) 
 C2        1.5181 (0.0007)  112.13 (0.05)
 H1A       0.9118 (0.0105)  115.28 (0.63) 105.48 (0.70)
 H1B       0.8178 (0.0103)  103.87 (0.87) 112.19 (0.81) 107.99 (1.04)
                 C1              O1            C2            H1A          

 C2 -            Distance        Angles
 O2        1.4325 (0.0009) 
 C1        1.5181 (0.0007)  106.78 (0.05)
 C3        1.5322 (0.0010)  110.32 (0.06) 111.37 (0.04)
 H2        0.8193 (0.0111)  105.11 (0.76) 115.16 (0.81) 107.88 (0.76)
                 C2              O2            C1            C3           

 C3 -            Distance        Angles
 O3        1.4329 (0.0007) 
 C4        1.5300 (0.0008)  108.42 (0.04)
 C2        1.5322 (0.0010)  110.12 (0.05) 113.45 (0.05)
 H3        0.9428 (0.0090)  107.50 (0.55) 111.90 (0.57) 105.29 (0.59)
                 C3              O3            C4            C2           

 C4 -            Distance        Angles
 O4        1.4387 (0.0007) 
 C5        1.5181 (0.0010)  109.69 (0.04)
 C3        1.5300 (0.0008)  111.16 (0.04) 110.09 (0.05)
 H4        1.0087 (0.0082)  108.15 (0.43) 107.80 (0.38) 109.87 (0.42)
                 C4              O4            C5            C3           

 C5 -            Distance        Angles
 O5        1.4285 (0.0008) 
 C4        1.5181 (0.0010)  111.02 (0.05)
 H5A       1.2333 (0.0139)  114.56 (0.78) 113.30 (0.66)
 H5B       1.0049 (0.0101)  117.11 (0.54) 105.15 (0.54)  94.51 (0.82)
                 C5              O5            C4            H5A          



 Selected torsion angles

   -65.94 ( 0.07)  O1 - C1 - C2 - O2
   173.56 ( 0.05)  O1 - C1 - C2 - C3
    49.84 ( 0.05)  O2 - C2 - C3 - O3
   168.24 ( 0.05)  C1 - C2 - C3 - O3
   171.56 ( 0.04)  O2 - C2 - C3 - C4
   -70.05 ( 0.06)  C1 - C2 - C3 - C4
    60.52 ( 0.06)  O3 - C3 - C4 - O4
   -62.14 ( 0.06)  C2 - C3 - C4 - O4
   -61.23 ( 0.05)  O3 - C3 - C4 - C5
   176.11 ( 0.05)  C2 - C3 - C4 - C5
    62.54 ( 0.06)  O4 - C4 - C5 - O5
  -174.84 ( 0.04)  C3 - C4 - C5 - O5


 FMAP and GRID set by program

 FMAP   2   3  21
 GRID    -1.389  -2  -2     1.389   2   2

 R1 =  0.246057 for   5483 unique reflections after merging for Fourier


 Electron density synthesis with coefficients Fo-Fc

 Highest peak    0.28  at  0.4116  0.3581  0.2133  [  0.74 A from C3 ]
 Deepest hole   -0.51  at  0.9153  0.2146  0.2113  [  0.10 A from O5 ]
 
 Molecule  1     scale 0.815 inches = 2.070 cm per Angstrom
  
                                                   O2
  
  
  
  
  
  
  
                O4                       O1
  
  
  
  
  
  
  
  
  
                                                                                                 O3
  
                                                                                           Q7
  
  
                                                             O5
  
                                                          Q11
                                                               Q19
                                                          Q6
                  O5                        Q3            Q4
                                                       C5
  
  
  
  
  
  
 O3                                                    Q5
                                                                                                            O2
  
  
                  O1                                                    Q14
                                                        C4
                                                   Q17
                                   O1
                                                    Q2
                                                                          O4
                                                           O3               Q18
                                     Q16         Q12
                                                C3              Q7
  
  
  
  
  
                                              Q1                                             O5
  
  
                                   Q20
                                                                 O2
  
                                       Q15    C2
  
                                C1
                                           Q13
                                                             Q9
  
                                          O2
  
  
  
  
  
  
                                     Q8
      O4                       O1                                         O4
                                           Q12
                          Q10
  
          Q16                                   O3
  
  
  
  
  
  
  
  
  
  
                                                   O5
  
  
  
 


 Atom      Peak    x       y       z     Sof  Height Code/Atom   Distances and Angles

 O1        0.00  0.6786  0.2287  0.4220 1.000  1.97   0 H11      0.785
                                                      0 O2       2.871  58.4
                                                      0 C1       1.426 113.5  55.3
                                                      0 H2       2.612  75.8  38.5  49.7
                                                      0 Q8       0.412  82.9  84.1  86.3  49.3
                                                      0 Q10      0.475  94.0 127.0 129.4 165.4 140.9
                                                      0 Q16      1.664  89.4  99.0 104.5 136.5 168.6  31.1
                                                      0 Q12      1.709 112.4 133.5 108.6  96.0  49.7  97.6 127.3
                                                     12 H13      1.980 109.4 143.4 119.9 107.4  59.4  85.6 116.1  12.6
                                                     26 H4       2.413 122.2 126.5 100.6 150.0 146.8  31.8  35.7  97.8  89.8
                                                     17 O5       2.668  18.3  70.7 122.6  76.8  69.3  96.9 101.2  94.1  91.5 128.3
                                                     11 O3       2.671 108.4 137.3 115.8 101.0  53.2  92.1 122.5   7.2   6.5  95.6
                                                     21 H1B      2.730  73.1 116.7 144.0 148.6 129.5  21.7  39.5 100.0  87.4  53.2
                                                     24 H3       2.894  79.1  97.9 105.0  66.9  19.1 122.0 150.4  39.6  46.0 135.6

 H11       0.00  0.7453  0.2499  0.3630 1.000  2.41   0 O1       0.785
                                                      0 O2       2.549 106.4
                                                      0 Q8       0.840  29.1 103.0
                                                      0 Q10      0.946  30.1 124.3  55.5
                                                     17 O5       1.939 154.3  90.3 128.9 144.8

 O2        0.00  0.6150  0.4364  0.1829 1.000  4.10   0 O1       2.871
                                                      0 H11      2.549  15.2
                                                      0 H12      0.795 127.0 114.8
                                                      0 O3       2.765 119.6 130.9  80.9
                                                      0 H1A      2.488  42.9  57.1 164.6  95.1
                                                      0 C2       1.432  58.3  69.9 113.7  61.4  52.2
                                                      0 H3       2.611  92.1 107.3 122.9  42.1  55.4  49.4
                                                      0 Q13      0.647  59.0  71.1 115.9  60.6  50.4   3.0  46.7
                                                      0 Q1       1.839  79.3  92.7 113.6  41.5  57.1  24.8  26.8  22.7
                                                      0 Q15      1.855  44.2  58.4 133.2  76.7  32.0  20.7  50.6  19.5  35.4
                                                     16 H14      2.020  74.2  72.8 125.1 137.5  67.3 119.1 102.6 117.5 120.4  98.4
                                                     30 Q12      2.654 133.1 147.3  84.0  21.1  97.7  78.2  42.7  76.7  54.7  89.1
                                                     13 O4       2.822 119.2 107.7   8.2  82.5 156.9 108.1 124.4 110.5 111.2 126.6
                                                     14 O4       2.846  79.5  77.8 121.3 135.6  71.7 123.8 103.5 122.1 123.1 103.2
                                                     27 H4       2.860 116.8 109.5  84.3 118.5 110.5 160.8 116.1 158.1 142.9 142.5
                                                     22 H1B      2.860 151.2 153.9  79.5  70.8 113.4 126.3  79.0 124.1 101.4 128.5
                                                     17 O5       3.210  51.7  37.2  78.7 135.1  94.3  91.5 139.4  93.9 116.2  89.1

 H12       0.00  0.6451  0.4303  0.0985 1.000  4.45   0 O2       0.795
                                                      0 O3       2.753  82.6
                                                      0 Q13      1.225  28.4  65.7
                                                     13 O4       2.039 168.6  99.4 143.3
                                                     30 Q12      2.689  78.9  21.1  71.8 106.9

 O3        0.00  0.3179  0.4310  0.0402 1.000  4.32   0 O2       2.765
                                                      0 H12      2.753  16.6
                                                      0 H13      0.738 100.2 100.0
                                                      0 O4       2.848  98.5 102.2 156.0
                                                      0 H2       2.588  39.7  43.8 139.6  59.4
                                                      0 C3       1.433  61.5  76.4 118.3  59.3  48.0
                                                      0 H5B      2.451 141.5 155.2  97.7  58.4 112.9  79.9
                                                      0 Q7       0.432  85.0  69.2 108.4  88.1  78.4 125.6 120.9
                                                     30 Q12      0.999  73.1  75.8  27.7 157.7 112.0  99.1 115.7 111.2
                                                      0 Q2       1.753  83.4  96.3 128.4  39.8  58.2  24.2  58.9 123.1 117.9
                                                      0 Q1       1.846  41.3  55.2 121.3  66.4  30.5  21.6 100.5 108.5  95.8  42.1
                                                     20 H15      1.954  98.1  83.5 116.7  75.1  81.8 123.7 103.8  17.3 126.0 113.5
                                                      3 O1       2.671  85.1  88.2  17.6 155.6 123.4 103.0 104.5 116.3  12.4 117.8
                                                     18 O5       2.701  98.3  83.0 111.7  80.2  85.0 128.3 106.3  14.6 121.0 118.7
                                                     23 H3       2.925 135.5 121.3  59.7 114.4 146.2 162.1  82.8  68.0  84.3 140.9

 H13       0.00  0.3047  0.5122  0.0291 1.000  4.83   0 O3       0.738
                                                     30 Q12      0.487 107.5
                                                      0 Q7       0.966  25.1 110.3
                                                      3 O1       1.980 156.0  50.0 155.8

 O4        0.00  0.2288  0.1294  0.1080 1.000  2.19   0 O3       2.848
                                                      0 H14      0.857 133.9
                                                      0 O5       2.876  94.9 115.1
                                                      0 H15      2.924  96.5 121.8  15.3
                                                      0 H2       2.701  55.5  78.5 130.7 142.3
                                                      0 C4       1.439  57.5 109.4  57.5  70.1  73.2
                                                      0 H5B      2.608  53.2 155.3  44.4  43.3 104.6  50.7
                                                      0 Q18      0.475  52.7 112.3 132.4 122.5  63.4 109.8  90.3
                                                      0 Q14      0.602 112.9  97.5  18.7  25.7 136.9  67.8  63.1 148.2
                                                      0 Q17      1.707  70.0  95.3  59.2  73.7  73.0  14.6  63.3 120.6  64.7
                                                      0 Q5       1.857  58.6 125.4  41.7  51.7  90.6  20.8  31.6 109.5  56.6  31.8
                                                      0 Q2       1.875  36.8 114.3  77.6  87.5  54.9  23.5  54.6  87.2  90.4  33.6
                                                      8 H12      2.039  98.1 113.3  93.1  77.8 126.2 135.7  85.0  63.7  95.0 147.3
                                                      6 O2       2.822  95.0 116.2  93.0  77.7 124.6 133.3  82.8  61.6  96.0 145.6
                                                      7 O2       2.846 126.2  12.9 109.7 119.4  72.8  96.6 144.3 117.6  93.9  82.6
                                                     28 H5A      2.917 145.2  69.6  50.9  52.7 138.8  93.1  94.7 153.7  32.5  84.4
                                                     31 Q16      3.129  97.0  61.8  74.6  89.6  71.9  48.2  95.3 134.9  68.8  33.7
                                                     29 Q7       3.345 107.0 118.9  42.3  27.5 162.4  97.0  58.7 108.3  44.0 101.2

 H14       0.00  0.2755  0.0572  0.1547 1.000  1.63   0 O4       0.857
                                                      0 Q14      1.110  32.5
                                                      0 Q18      1.127  22.9  55.2
                                                      7 O2       2.019 161.7 139.0 158.4
                                                     31 Q16      2.827 102.7  86.0 116.6  59.6

 O5        0.00 -0.0888  0.2056  0.2159 1.000  1.82   0 O4       2.876
                                                      0 H15      0.775  85.8
                                                      0 H4       2.589  42.5 128.2
                                                      0 C5       1.428  57.1 102.0  52.7
                                                      0 Q11      0.478  81.5 140.0  52.7 102.3
                                                      0 Q19      0.526  49.8  99.4  54.4 100.7  45.0
                                                      0 Q6       0.716  47.0 105.7  41.4  12.2  92.8  88.6
                                                      0 Q4       1.119  54.9  97.1  55.0   5.0 105.9 100.6  13.6
                                                      0 Q3       1.880  80.0 120.5  58.8  26.7  94.4 113.1  33.4  31.1
                                                      4 H11      1.939 156.9 116.4 115.3 119.2  77.2 116.0 124.9 123.1  92.7
                                                     28 H5A      2.491  65.4  88.7  74.4 120.0  51.6  20.3 108.1 119.2 133.1 106.7
                                                      1 O1       2.668 155.0 115.0 116.0 125.8  73.6 110.0 130.7 130.0  99.2   7.3
                                                     10 O3       2.701  82.6  13.1 124.5 110.3 127.0  87.7 111.6 105.2 131.7 117.6
                                                     25 H3       2.881 115.3  72.4 125.4 171.4  79.2  74.2 161.9 167.0 161.9  69.4
                                                      5 O2       3.210 144.7  79.9 137.4  94.6 128.7 164.5 106.6  94.9  79.8  52.6

 H15       0.00 -0.1186  0.1850  0.1361 1.000  2.00   0 O4       2.924
                                                      0 O5       0.775  78.8
                                                      0 Q19      1.005  59.7  31.1
                                                      0 Q11      1.182  74.5  15.0  18.2
                                                      0 Q6       1.190  55.0  35.4  46.2  43.6
                                                      0 Q4       1.438  55.3  50.5  62.5  60.1  16.8
                                                     29 Q7       1.547  91.6 158.4 127.9 143.4 145.5 136.8
                                                     10 O3       1.954  96.0 161.7 132.0 146.7 149.3 139.1   4.8

 C1        0.00  0.5244  0.2933  0.3905 1.000  2.30   0 O1       1.426
                                                      0 H1A      0.912 115.3
                                                      0 H1B      0.818 103.9 108.0
                                                      0 C2       1.518 112.1 105.5 112.2
                                                      0 Q15      0.834 123.6 100.6 104.3  11.9
                                                      0 Q20      1.214 109.5 106.7   6.1 107.2  98.9
                                                      0 Q8       1.459  16.4 131.5  97.3 101.9 112.4 102.2
                                                      0 Q10      1.766  12.0 104.2 104.4 121.7 133.5 110.5  28.0
                                                      0 Q13      1.893 102.1  92.3 135.6  23.5  31.8 130.5  97.6 108.2
                                                      0 Q1       1.924 135.7  91.2 100.2  23.6  12.3  94.3 124.6 145.0  38.8

 H1A       0.00  0.5042  0.3828  0.4366 1.000  2.60   0 O2       2.488
                                                      0 C1       0.912  71.9
                                                      0 Q15      1.344  47.1  37.6
                                                     31 Q16      2.855 116.7  62.0  70.3

 H1B       0.00  0.4601  0.2315  0.4229 1.000  1.73   0 C1       0.818
                                                      0 Q20      0.410 161.6
                                                      0 Q15      1.305  38.3 124.9
                                                     31 Q16      1.792 155.3   8.7 121.8
                                                      2 O1       2.730 130.2  43.7 120.7  36.2
                                                      7 O2       2.860 129.9  52.2 106.1  60.2  95.8

 C2        0.00  0.5008  0.3226  0.2243 1.000  3.13   0 O2       1.432
                                                      0 C1       1.518 106.8
                                                      0 H2       0.819 105.1 115.2
                                                      0 C3       1.532 110.3 111.4 107.9
                                                      0 Q15      0.723 114.7  13.7 120.5  97.7
                                                      0 Q13      0.787   2.4 106.1 107.5 108.7 113.6
                                                      0 Q1       0.808 107.1 107.6 114.5   6.6  94.2 105.3
                                                      0 Q9       1.328 109.6 103.9  11.3 114.4 109.7 112.1 121.0
                                                      0 Q2       1.992 128.9 105.0  96.1  19.0  91.6 127.4  23.9 100.1

 H2        0.00  0.5207  0.2513  0.1694 1.000  2.97   0 O1       2.612
                                                      0 O3       2.588 139.1
                                                      0 O4       2.701 126.2  65.1
                                                      0 C2       0.819  69.2  69.9 104.6
                                                      0 Q9       0.548  84.6 135.4  82.2 151.8
                                                      0 Q13      1.295  75.0  72.1 130.9  35.4 146.9
                                                      0 Q15      1.340  49.2  91.9 100.5  27.7 124.7  57.3
                                                      0 Q1       1.368  97.8  43.2  75.4  32.5 153.9  56.7  49.0

 C3        0.00  0.3280  0.3752  0.1906 1.000  3.38   0 O3       1.433
                                                      0 C2       1.532 110.1
                                                      0 H3       0.943 107.5 105.3
                                                      0 C4       1.530 108.4 113.5 111.9
                                                      0 Q1       0.736 112.6   7.3  98.0 117.7
                                                      0 Q2       0.738 103.0 118.3 112.3   5.9 122.9
                                                      0 Q17      1.701 124.4 105.5 102.5  16.0 108.1  21.4
                                                      0 Q7       1.721  11.8 100.3 117.4 108.1 103.6 103.3 124.0
                                                      0 Q15      1.780 133.4  23.7  90.9 103.2  20.8 109.0  90.8 123.9
                                                      0 Q5       1.832  97.0 136.0  98.4  22.6 139.7  18.4  32.2 100.9 122.9
                                                     30 Q12      1.873  31.8 107.0  78.3 132.8 105.4 126.9 146.0  39.5 123.2 113.9
                                                      0 Q13      1.934  95.4  22.7  94.6 135.9  20.0 140.5 127.9  88.1  39.5 158.6

 H3        0.00  0.3097  0.4569  0.2557 1.000  3.57   0 O2       2.611
                                                      0 C3       0.943  68.8
                                                      0 Q1       1.274  40.5  34.9
                                                      0 Q2       1.400  96.4  29.2  57.7
                                                     19 O5       2.881 133.5 138.4 167.1 121.9
                                                      3 O1       2.894  83.7 107.5 113.1 121.6  55.0
                                                      9 O3       2.925 126.0 148.9 137.0 122.7  55.4 101.7

 C4        0.00  0.2009  0.2518  0.2102 1.000  2.44   0 O4       1.439
                                                      0 C3       1.530 111.2
                                                      0 H4       1.009 108.2 109.9
                                                      0 C5       1.518 109.7 110.1 107.8
                                                      0 Q17      0.481 116.3 102.5   8.9 106.8
                                                      0 Q5       0.724 114.2 102.9 110.5   7.3 108.3
                                                      0 Q2       0.800 110.5   5.5 114.9 105.7 107.3  98.6
                                                      0 Q14      1.334  24.7 135.3  98.6  92.1 107.5  98.2 133.9
                                                      0 Q18      1.661  15.6  96.7 120.4 111.4 127.6 114.1  95.5  38.6
                                                      0 Q4       1.665 101.9 120.4 104.5  10.6 105.1  17.9 115.9  82.6 105.9
                                                      0 Q6       1.795  97.6 134.1  93.0  24.1  95.2  31.3 129.8  75.3 105.3  14.5
                                                      0 Q3       1.965 135.0  95.9  94.5  25.4  90.4  21.6  93.1 115.9 135.6  33.6
                                                      0 Q1       1.982 103.3  19.2  97.3 128.9  91.5 121.6  24.2 127.8  91.4 139.4

 H4        0.00  0.2054  0.2109  0.3155 1.000  1.77   0 O5       2.589
                                                      0 C4       1.009  69.6
                                                      0 Q17      0.539  72.7   7.9
                                                      0 Q5       1.432  47.6  28.3  27.6
                                                     31 Q16      1.439 127.3 162.6 159.7 166.3
                                                      0 Q2       1.528  93.2  28.3  22.1  45.8 138.1
                                                      2 O1       2.413 104.6 145.2 137.9 123.9  42.4 125.4
                                                      7 O2       2.860 118.3 109.4 114.9 132.1  61.3 112.6 103.5

 C5        0.00  0.0327  0.3156  0.1851 1.000  2.72   0 O5       1.428
                                                      0 C4       1.518 111.0
                                                      0 H5A      1.233 114.6 113.3
                                                      0 H5B      1.005 117.1 105.2  94.5
                                                      0 Q4       0.329  17.4 111.1 126.4 101.5
                                                      0 Q6       0.744  11.7  99.3 121.3 123.0  21.8
                                                      0 Q5       0.805 117.4   6.5 108.0 102.3 117.6 105.7
                                                      0 Q3       0.880 106.6 107.0  15.1 109.6 121.4 111.0 102.9
                                                      0 Q11      1.600  17.0  98.0 113.0 133.1  31.6  10.7 104.0 101.5
                                                      0 Q19      1.612  18.7  92.4 126.7 123.9  25.0   7.2  98.8 115.3  13.8
                                                      0 Q17      1.719 103.7  15.5 106.4 120.3 108.4  92.2  18.2  97.1  88.5  86.0
                                                      0 Q2       1.898 134.9  23.9  96.4  90.5 133.7 123.2  17.5  95.0 121.2 116.3

 H5A       0.00  0.0111  0.4376  0.2474 1.000  3.15   0 C5       1.233
                                                      0 Q3       0.446  30.9
                                                      0 Q4       1.453  10.5  29.8
                                                     19 O5       2.491 149.9 153.7 159.3
                                                     15 O4       2.917 144.4 130.3 133.9  63.7

 H5B       0.00  0.0351  0.3591  0.0813 1.000  3.41   0 O3       2.451
                                                      0 O4       2.608  68.5
                                                      0 C5       1.005 104.9  68.0
                                                      0 Q4       1.118 118.2  67.6  16.8
                                                      0 Q5       1.415  73.6  43.5  33.8  44.7
                                                      0 Q3       1.542 100.6  95.4  32.6  44.9  52.8
                                                      0 Q6       1.542 122.5  66.6  23.9   7.2  49.1  51.6
                                                     29 Q7       2.989 132.6  73.1  84.6  68.2  96.6 109.6  61.0
                                                     30 Q12      3.022  17.3  84.4 106.3 122.1  80.0  92.7 128.1 149.3

 Q1        0.28  0.4116  0.3581  0.2133 1.000  3.29   0 O2       1.839
                                                      0 O3       1.846  97.3
                                                      0 C1       1.924  78.0 175.1
                                                      0 C2       0.808  48.1 128.4  48.8
                                                      0 H2       1.368  67.6 106.3  73.0  33.0
                                                      0 C3       0.736 137.6  45.8 138.1 166.1 133.1
                                                      0 H3       1.274 112.7  74.3 106.5 146.8 179.3  47.1
                                                      0 C4       1.982 168.9  77.7 107.1 128.1 104.1  43.1  75.7
                                                      0 Q15      1.123  73.1 168.3   9.1  39.9  64.2 145.7 115.3 110.6
                                                      0 Q13      1.267  11.4 106.1  69.3  36.8  58.7 148.6 121.5 162.8  63.5
                                                      0 Q2       1.295 162.3  65.1 119.6 141.5 113.9  28.6  66.0  14.7 124.1 167.6
                                                      0 Q9       1.876  74.8 107.6  72.4  37.3   7.4 128.8 172.2  97.1  64.0  65.7
                                                      0 Q7       2.025  91.1  11.7 166.0 117.2  94.8  55.7  85.8  82.2 157.1  98.6

 Q2        0.24  0.2621  0.3193  0.1935 1.000  2.97   0 O3       1.753
                                                      0 O4       1.875 103.4
                                                      0 C2       1.992  80.7 102.4
                                                      0 C3       0.738  52.8 134.5  42.6
                                                      0 H3       1.400  74.9 172.1  69.8  38.5
                                                      0 C4       0.800 137.5  45.9 127.7 168.6 139.6
                                                      0 H4       1.528 174.1  71.1 102.4 132.6 110.9  36.8
                                                      0 C5       1.898 104.0  79.7 174.3 138.4 108.2  50.4  73.2
                                                      0 Q17      1.048 163.4  64.4 112.0 143.7 118.8  26.0  11.1  64.0
                                                      0 Q5       1.156 113.9  71.1 164.9 150.0 116.7  38.3  62.7  12.1  52.9
                                                      0 Q1       1.295  72.8 115.8  14.6  28.5  56.3 141.1 111.3 164.4 121.9 169.8
                                                      0 Q18      1.912  89.8  14.4  96.0 121.9 160.3  59.9  84.9  87.2  78.7  80.6
                                                      0 Q14      1.974 114.3  17.8 117.0 152.3 168.7  29.2  59.8  64.2  51.1  54.5
                                                      0 Q7       2.022  10.3  94.7  77.0  55.9  82.8 133.1 165.4 108.1 158.2 116.5

 Q3        0.22  0.0191  0.3882  0.2510 1.000  2.85   0 O5       1.880
                                                      0 C4       1.965  78.3
                                                      0 C5       0.880  46.7  47.6
                                                      0 H5A      0.446 140.4 135.2 134.1
                                                      0 H5B      1.542  74.5  69.4  37.9  96.2
                                                      0 Q4       1.089  32.1  57.9  15.0 138.4  46.5
                                                      0 Q5       1.319  72.1  11.6  36.5 135.8  58.7  48.0
                                                      0 Q6       1.341  17.1  62.4  31.2 149.4  64.2  18.0  55.3
                                                      0 Q11      1.975  14.0  73.4  52.5 149.9  85.2  39.6  69.7  21.6
                                                      0 Q17      2.026  78.8  13.7  57.4 139.3  82.9  64.9  24.3  65.0  70.8

 Q4        0.21  0.0058  0.2885  0.1813 1.000  2.55   0 O5       1.119
                                                      0 H15      1.438  32.3
                                                      0 C4       1.665 120.3 127.6
                                                      0 C5       0.329 157.6 168.4  58.3
                                                      0 H5A      1.453 120.8 136.1  95.0  43.1
                                                      0 H5B      1.118 138.0 106.9  91.4  61.8  78.7
                                                      0 Q6       0.455  21.8  48.9  99.3 142.6 122.5 154.8
                                                      0 Q5       1.001 131.9 139.9  12.8  45.5  83.5  83.6 110.3
                                                      0 Q3       1.089 116.8 138.9  88.5  43.7  11.8  88.6 114.2  78.2
                                                      0 Q19      1.321  23.1  42.5  97.7 148.9 133.5 145.0  11.0 109.8 125.2
                                                      0 Q11      1.331  20.2  50.3 103.0 140.9 116.7 157.3   6.3 113.4 109.0  16.8
                                                      0 Q17      1.850 111.1 126.7  14.5  61.9  91.5 104.6  89.3  21.3  82.8  90.0
                                                      0 Q14      1.994  91.6  86.9  41.5  96.5 136.5  96.6  77.3  53.1 129.7  69.9

 Q5        0.21  0.1256  0.2915  0.1978 1.000  2.64   0 O4       1.857
                                                      0 C3       1.832  83.2
                                                      0 C4       0.724  44.9  54.5
                                                      0 H4       1.432  73.5  79.0  41.3
                                                      0 C5       0.805 125.8 139.2 166.2 132.5
                                                      0 H5B      1.415 104.8 106.5 140.7 174.2  43.9
                                                      0 Q17      0.987  65.7  66.5  27.6  14.6 147.1 168.2
                                                      0 Q4       1.001 111.7 155.2 149.3 123.4  16.9  51.7 137.0
                                                      0 Q2       1.156  72.8  11.6  43.2  71.5 150.3 113.6  58.0 165.0
                                                      0 Q6       1.235 102.6 174.0 131.0 104.0  35.4  70.8 117.1  20.2 174.2
                                                      0 Q3       1.319 165.5 110.9 146.8 111.7  40.6  68.5 122.3  53.9 121.5  63.2
                                                      0 Q14      1.606  18.2 100.6  55.3  71.9 112.8 104.8  68.6  97.0  89.7  85.3
                                                      0 Q19      1.909  86.0 164.1 109.8  86.8  56.6  87.5  98.4  40.6 153.0  21.2
                                                      0 Q11      1.957  96.4 163.8 114.7  85.4  52.5  89.3  98.5  38.6 156.4  18.6

 Q6        0.19 -0.0163  0.2484  0.2054 1.000  2.19   0 O5       0.716
                                                      0 H15      1.190  38.8
                                                      0 C4       1.795 147.3 137.0
                                                      0 C5       0.744 156.1 129.9  56.6
                                                      0 H5B      1.542 131.6  97.2  74.4  33.1
                                                      0 Q4       0.455 144.6 114.3  66.3  15.6  18.0
                                                      0 Q19      0.878  36.8  55.8 110.6 166.7 146.6 163.3
                                                      0 Q11      0.880  32.8  67.7 119.2 160.2 164.4 170.5  25.4
                                                      0 Q5       1.235 165.0 142.5  17.7  38.9  60.1  49.5 128.3 134.8
                                                      0 Q3       1.341 129.5 138.8  76.1  37.8  64.2  47.8 148.9 124.2  61.4
                                                      0 Q17      1.900 138.5 143.7  14.6  64.7  87.3  76.8 103.6 107.2  27.5  75.2
                                                      0 Q14      1.945 112.3  96.7  41.5  87.9  86.0  89.5  79.2  99.5  55.4 116.8

 Q7        0.19  0.3447  0.4139  0.0023 1.000  4.41   0 O3       0.432
                                                      0 H13      0.966  46.4
                                                      0 C3       1.721  42.7  84.9
                                                     30 Q12      1.224  49.6  21.9  76.9
                                                     20 H15      1.547 157.9 141.4 132.9 148.3
                                                      0 Q2       2.022  46.6  93.0  20.8  91.4 120.2
                                                      0 Q1       2.025  59.8  94.9  20.7  80.5 123.3  37.3

 Q8        0.18  0.6669  0.1966  0.3906 1.000  1.90   0 O1       0.412
                                                      0 H11      0.840  68.0
                                                      0 C1       1.459  77.3 106.8
                                                      0 Q10      0.836  21.0  68.7  96.9
                                                      0 Q12      1.476 118.0 132.4 120.7 101.3
                                                      0 Q15      1.936  94.6  99.3  23.5 115.5 125.2

 Q9        0.18  0.5410  0.1934  0.1601 1.000  2.70   0 C2       1.328
                                                      0 H2       0.548  17.0
                                                      0 Q15      1.712  23.4  40.0
                                                      0 Q13      1.779  24.2  23.4  42.4
                                                      0 Q1       1.876  21.7  18.7  36.1  40.5

 Q10       0.18  0.7132  0.2363  0.4638 1.000  1.88   0 O1       0.475
                                                      0 H11      0.946  55.9
                                                      0 C1       1.766  38.6  81.9
                                                      0 Q8       0.836  18.1  55.9  55.1
                                                      0 Q16      1.280 137.9 109.9 105.8 155.1
                                                      0 Q12      1.833  67.5  95.0  90.2  52.2 151.8

 Q11       0.18 -0.0684  0.1820  0.2601 1.000  1.52   0 O5       0.478
                                                      0 H15      1.182  24.9
                                                      0 C5       1.600  60.7  77.0
                                                      0 Q19      0.387  74.1  54.1  84.8
                                                      0 Q6       0.880  54.4  68.7   9.0  77.1
                                                      0 Q4       1.331  54.0  69.5   7.4  80.1   3.2
                                                      0 Q5       1.957  80.4  90.6  23.5  77.1  26.6  28.0
                                                      0 Q3       1.975  71.7  93.9  25.9 110.6  34.2  31.4  39.2

 Q12       0.17  0.6556  0.0388  0.4405 1.000  0.76   0 O1       1.709
                                                     12 H13      0.487 117.3
                                                     11 O3       0.999 160.4  44.8
                                                      0 Q8       1.476  12.3 126.0 162.1
                                                      0 Q10      1.833  14.9 103.2 147.6  26.6

 Q13       0.17  0.5612  0.3876  0.2034 1.000  3.67   0 O2       0.647
                                                      0 H12      1.225  35.7
                                                      0 C1       1.893 131.0 154.4
                                                      0 C2       0.787 174.6 140.2  50.4
                                                      0 H2       1.295 137.7 104.9  75.5  37.1
                                                      0 C3       1.934 134.9 122.5  82.3  48.6  71.0
                                                      0 Q15      1.263 150.7 165.4  20.3  31.6  63.1  63.7
                                                      0 Q1       1.267 145.9 132.1  71.9  37.9  64.5  11.4  52.7
                                                      0 Q9       1.779 130.9 100.9  75.3  43.7   9.7  80.7  66.0  73.9

 Q14       0.17  0.1639  0.1249  0.1384 1.000  1.96   0 O4       0.602
                                                      0 H14      1.110  50.0
                                                      0 C4       1.334  87.4 101.9
                                                      0 Q18      1.037  14.0  63.2  88.0
                                                      0 Q17      1.548  94.8  94.8  17.2  98.8
                                                      0 Q5       1.606 105.2 128.4  26.5 100.6  36.4
                                                      0 Q6       1.945 141.4 154.4  63.2 132.0  64.7  39.3
                                                      0 Q2       1.974  71.8  95.9  17.0  71.2  31.8  35.8  75.1
                                                      0 Q19      1.978 167.1 141.3  83.6 155.4  79.2  63.4  25.9  98.1
                                                      0 Q4       1.994 128.3 156.2  55.9 118.8  61.5  29.9  13.2  65.2  38.8

 Q15       0.17  0.4914  0.3119  0.3041 1.000  2.73   0 O2       1.855
                                                      0 C1       0.834 118.5
                                                      0 H1A      1.344 100.9  41.8
                                                      0 H1B      1.305 155.6  37.4  63.8
                                                      0 C2       0.723  44.5 154.4 142.7 153.5
                                                      0 H2       1.340  67.5 133.7 164.5 123.0  31.8
                                                      0 C3       1.780  84.0 146.8 114.3 119.1  58.5  75.8
                                                      0 Q1       1.123  71.5 158.6 120.5 132.1  45.8  66.8  13.5
                                                      0 Q13      1.263   9.8 127.9 109.8 164.0  34.8  59.6  76.8  63.8
                                                      0 Q20      1.575 167.9  49.6  71.4  12.3 145.1 118.0 107.5 120.3 174.7
                                                      0 Q9       1.712  78.4 119.6 158.5 108.7  46.9  15.3  87.1  79.9  71.7 105.2
                                                      0 Q8       1.936  97.9  44.1  80.8  62.3 112.5  90.5 164.3 157.1 103.0  72.0

 Q16       0.17  0.7635  0.3464  0.5436 1.000  2.24   0 O1       1.664
                                                      0 Q10      1.280  11.0
                                                     26 H4       1.439 101.9  96.1

 Q17       0.16  0.2050  0.2402  0.2626 1.000  2.16   0 O4       1.707
                                                      0 C3       1.701  91.9
                                                      0 C4       0.481  49.1  61.4
                                                      0 H4       0.539 115.3 132.0 163.2
                                                      0 C5       1.719  89.8  93.9  57.7 123.1
                                                      0 Q5       0.987  82.5  81.3  44.1 137.8  14.7
                                                      0 Q2       1.048  82.0  14.9  46.7 146.8  82.8  69.1
                                                      0 Q14      1.548  20.6 109.2  55.2 107.9  77.8  75.0  97.1
                                                      0 Q4       1.850  85.4 102.7  60.3 117.5   9.7  21.6  90.8  71.2
                                                      0 Q6       1.900  85.2 116.5  70.2 105.1  23.0  35.4 104.4  67.8  13.9
                                                     31 Q16      1.953 117.3 117.8 164.6  14.8 135.6 150.0 132.4 115.2 131.2 119.4
                                                      0 Q18      1.991  11.8  80.1  41.3 124.5  89.8  80.1  70.3  31.0  87.3  89.8
                                                      0 Q3       2.026 114.9  88.5  75.9 111.3  25.5  33.4  82.8 103.2  32.2  39.8

 Q18       0.16  0.2595  0.1465  0.0664 1.000  2.49   0 O4       0.475
                                                      0 H14      1.127  44.7
                                                      0 C4       1.661  54.6  83.8
                                                      0 Q14      1.037  17.8  61.6  53.4
                                                      0 Q2       1.912  78.4  98.7  24.6  77.9
                                                      0 Q17      1.991  47.5  72.9  11.0  50.2  31.1

 Q19       0.16 -0.0526  0.1582  0.2269 1.000  1.54   0 O5       0.526
                                                      0 H15      1.005  49.5
                                                      0 C5       1.612  60.6  81.1
                                                      0 Q11      0.387  60.8 107.7  81.4
                                                      0 Q6       0.878  54.6  78.0   6.1  77.5
                                                      0 Q4       1.321  56.4  75.0   6.1  83.1   5.7
                                                      0 Q5       1.909  85.1  99.3  24.6  91.5  30.5  29.6
                                                      0 Q14      1.978 124.0 101.8  69.1 133.9  75.0  71.2  48.8

 Q20       0.15  0.4184  0.2075  0.4297 1.000  1.52   0 C1       1.214
                                                      0 H1B      0.410  12.3
                                                     31 Q16      1.388 158.9 168.8
                                                      0 Q15      1.575  31.5  42.8 132.8


 Code/Atom         x       y       z   Height  Symmetry Transformation

   1 O1        -0.3214  0.2287  0.4220   0.8  -1.0000+X    0.0000+Y    0.0000+Z  
   2 O1         0.1786  0.2713  0.5780   1.0  -0.5000+X    0.5000-Y    1.0000-Z  
   3 O1         0.3214  0.7287  0.0780   5.9   1.0000-X    0.5000+Y    0.5000-Z  
   4 H11       -0.2547  0.2499  0.3630   1.3  -1.0000+X    0.0000+Y    0.0000+Z  
   5 O2        -0.3850  0.4364  0.1829   3.0  -1.0000+X    0.0000+Y    0.0000+Z  
   6 O2         0.1150  0.0636 -0.1829   2.9  -0.5000+X    0.5000-Y    0.0000-Z  
   7 O2         0.3850 -0.0636  0.3171   0.4   1.0000-X   -0.5000+Y    0.5000-Z  
   8 H12        0.1451  0.0698 -0.0985   2.6  -0.5000+X    0.5000-Y    0.0000-Z  
   9 O3         0.1821  0.5690  0.5402   2.9   0.5000-X    1.0000-Y    0.5000+Z  
  10 O3        -0.1821  0.0690 -0.0402   2.0  -0.5000+X    0.5000-Y    0.0000-Z  
  11 O3         0.6820 -0.0690  0.4598   0.1   1.0000-X   -0.5000+Y    0.5000-Z  
  12 H13        0.6953  0.0122  0.4709   0.5   1.0000-X   -0.5000+Y    0.5000-Z  
  13 O4         0.7288  0.3706 -0.1080   5.1   0.5000+X    0.5000-Y    0.0000-Z  
  14 O4         0.7712  0.6294  0.3920   4.5   1.0000-X    0.5000+Y    0.5000-Z  
  15 O4        -0.2288  0.6294  0.3920   3.4   0.0000-X    0.5000+Y    0.5000-Z  
  16 H14        0.7245  0.5572  0.3453   4.2   1.0000-X    0.5000+Y    0.5000-Z  
  17 O5         0.9112  0.2056  0.2159   3.0   1.0000+X    0.0000+Y    0.0000+Z  
  18 O5         0.4112  0.2944 -0.2159   4.7   0.5000+X    0.5000-Y    0.0000-Z  
  19 O5         0.0888  0.7056  0.2841   4.6   0.0000-X    0.5000+Y    0.5000-Z  
  20 H15        0.3814  0.3150 -0.1361   4.5   0.5000+X    0.5000-Y    0.0000-Z  
  21 H1B        0.9601  0.2685  0.5771   1.9   0.5000+X    0.5000-Y    1.0000-Z  
  22 H1B        0.5399  0.7315  0.0770   6.2   1.0000-X    0.5000+Y    0.5000-Z  
  23 H3         0.1903  0.5431 -0.2443   6.0   0.5000-X    1.0000-Y   -0.5000+Z  
  24 H3         0.6903 -0.0431  0.2443   1.1   1.0000-X   -0.5000+Y    0.5000-Z  
  25 H3        -0.3097 -0.0431  0.2443   0.0   0.0000-X   -0.5000+Y    0.5000-Z  
  26 H4         0.7054  0.2891  0.6845   1.3   0.5000+X    0.5000-Y    1.0000-Z  
  27 H4         0.7946  0.7109  0.1845   5.9   1.0000-X    0.5000+Y    0.5000-Z  
  28 H5A       -0.0111 -0.0624  0.2526   0.2   0.0000-X   -0.5000+Y    0.5000-Z  
  29 Q7        -0.1553  0.0861 -0.0023   2.0  -0.5000+X    0.5000-Y    0.0000-Z  
  30 Q12        0.3444  0.5388  0.0595   4.9   1.0000-X    0.5000+Y    0.5000-Z  
  31 Q16        0.2635  0.1536  0.4564   0.9  -0.5000+X    0.5000-Y    1.0000-Z  


 Time profile in seconds
 -----------------------

      0.02: Read and process instructions
      0.00: Fit rigid groups
      0.00: Interpret restraints etc.
      0.00: Generate connectivity array
      0.00: Analyse DFIX and DANG restraints
      0.00: Analyse SAME, SADI and NCSY restraints
      0.00: Generate CHIV restraints
      0.00: Check if bonds in residues restrained
      0.00: Generate DELU and RIGU restraints
      0.00: Generate SIMU restraints
      0.00: Generate ISOR restraints
      0.00: Analyse electron density
      0.00: Analyse other restraints etc.
      0.02: Read intensity data, sort/merge etc.
      0.00: Set up constraints
      0.00: OSF, H-atoms from difference map
      0.05: Set up l.s. refinement
      0.00: Generate idealized H-atoms
      0.02: Structure factors and derivatives
      0.02: Sum l.s. matrices
      0.00: Generate and apply antibumping restraints
      0.00: Apply other restraints
      0.02: Solve l.s. equations
      0.00: Generate HTAB table
      0.05: Other dependent quantities, CIF, tables
      0.02: Analysis of variance
      0.04: Merge reflections for Fourier and .fcf
      0.01: Fourier summations
      0.00: Peaksearch
      0.00: Analyse peaklist

 ** WARNING: These times are only approximate for multiple threads.
             To get better estimates run with -t1 **

   Please cite: G.M. Sheldrick (2015) "Crystal structure refinement with
   SHELXL", Acta Cryst., C71, 3-8 (Open Access) if SHELXL proves useful.

 +++++++++++++++++++++++++++++++++++++++++++++++++++++++++++++++++++++++++++++
 +  iam_uncut     finished at 16:11:20   Total elapsed time:      0.25 secs  +
 +++++++++++++++++++++++++++++++++++++++++++++++++++++++++++++++++++++++++++++
