
 +++++++++++++++++++++++++++++++++++++++++++++++++++++++++++++++++++
 +  SHELXL -  CRYSTAL STRUCTURE REFINEMENT  -   MULTI-CPU VERSION  +
 +  Copyright(C) George M. Sheldrick 1993-2018     Version 2018/3  +
 +  iam                        started at 07:39:08 on 10-Jan-2022  +
 +++++++++++++++++++++++++++++++++++++++++++++++++++++++++++++++++++

 Command line parameters: iam -a50000 -b3000 -c624 -g0 -m0 -t8

 -a sets the approximate maximum number of atoms including hydrogens.
 -b sets the maximum number of full-matrix parameters (not used by CGLS).
 For example -b9000 allows refinement of 1000 anisotropic atoms or 3000
 with BLOC 1. For a 32-bit version, -b times the square root of the
 number of threads should not exceed about 65500. -c sets the reflection
 buffer size. This depends on the CPU cache size but will rarely
 need changing.

 -g sets the number of reflection groups used for calculating R_complete,
 This must be greater than 1 but not greater than the total number of
 reflections for refinement. -m sets the current reflection group number.
 This may not be less than 1 nor greater than the number set by -g. These
 command line flags override other ways of defining free-R reflections.
 The -m value is also used as a seed for the WIGL pseudo-random shifts.

 -t sets the number of threads, otherwise it is set to the apparent
 number of CPUs. For optimal performance on hyperthreading systems,
 -t should be set to a little more than half the number of CPUs;
 e.g. -t4 or -t5 for an Intel i7 processor.

 Running  8 threads on  8 processors

 TITL 8HQ_HAR_neP 21 21 21   R = 0.03
     iam.res
     created by SHELXL-2018/3 at 09:11:01 on 07-Sep-2021
 CELL  0.35307    5.3386    9.9878   22.3493    90.000    90.000    90.000
 ZERR        4    0.0001    0.0002    0.0004     0.000     0.000     0.000
 LATT  -1
 SYMM     0.50000 - X ,            - Y ,    0.50000 + Z
 SYMM     0.50000 + X ,    0.50000 - Y ,            - Z
 SYMM             - X ,    0.50000 + Y ,    0.50000 - Z
 SFAC  C  H  N  O
 DISP $C -0.00054  0.00034  4.56115!source kissel
 DISP $H -0.00003  0.00000  0.62723!source kissel
 DISP $N -0.00024  0.00070  6.09051!source kissel
 DISP $O  0.00041  0.00129  8.21439!source kissel
 UNIT    52   44   4  20

 V =     1191.68     F(000) =     544.0     Mu =   0.04 mm-1      Cell Wt =     1044.91    Rho =  1.456

 LIST 6 ! automatically inserted. Change 6 to 4 for CHECKCIF!!
 TEMP  -258
 L.S. 5
 FMAP 2
 PLAN -20
 ACTA
 BOND $H
 CONF
 WGHT    0.100000
 FVAR       0.64716
 O5    4    1.676237    0.216702    0.541784    11.00000    0.01687    0.01888 =
          0.00738   -0.00109   -0.00089    0.00509
 AFIX 147
 H5    2    1.721555    0.176834    0.510511    11.00000   -1.50000
 AFIX   0
 N1    3    1.522181    0.299451    0.649862    11.00000    0.01046    0.01243 =
          0.00738   -0.00027   -0.00014    0.00138
 H4    2    1.444104    0.333066    0.613709    11.00000   -1.50000
 C5    1    1.712507    0.208314    0.646354    11.00000    0.01058    0.01180 =
          0.00786   -0.00018    0.00002    0.00106
 C6    1    1.792162    0.162285    0.589320    11.00000    0.01243    0.01416 =
          0.00830   -0.00105   -0.00004    0.00220
 C7    1    1.980122    0.067597    0.586832    11.00000    0.01674    0.01852 =
          0.01126   -0.00244    0.00029    0.00624
 AFIX  43
 H6    2    2.035248    0.035228    0.549093    11.00000    0.03225
 AFIX   0
 C8    1    2.091674    0.018171    0.639838    11.00000    0.01855    0.01976 =
          0.01363   -0.00132   -0.00085    0.00902
 AFIX  43
 H7    2    2.218330   -0.048357    0.637088    11.00000    0.04868
 AFIX   0
 C9    1    2.020474    0.064498    0.695367    11.00000    0.01689    0.01753 =
          0.01157    0.00026   -0.00129    0.00695
 AFIX  43
 H8    2    2.099706    0.031589    0.730472    11.00000    0.02284
 AFIX   0
 C10   1    1.827597    0.161871    0.699613    11.00000    0.01215    0.01310 =
          0.00859    0.00032   -0.00062    0.00229
 C11   1    1.741318    0.214320    0.754732    11.00000    0.01396    0.01446 =
          0.00818    0.00056   -0.00110    0.00191
 AFIX  43
 H9    2    1.815212    0.185349    0.791168    11.00000   -1.20000
 AFIX   0
 C12   1    1.550265    0.307379    0.755735    11.00000    0.01382    0.01487 =
          0.00773   -0.00037    0.00004    0.00174
 AFIX  43
 H10   2    1.492984    0.343238    0.792651    11.00000    0.02045
 AFIX   0
 C13   1    1.442008    0.348259    0.701777    11.00000    0.01183    0.01357 =
          0.00832   -0.00061    0.00018    0.00198
 AFIX  43
 H11   2    1.309473    0.411721    0.702223    11.00000    0.02735
 AFIX   0
 O1    4    0.642514    0.622165    0.647884    11.00000    0.01609    0.01867 =
          0.00943    0.00174    0.00228    0.00613
 H1    2    0.834388    0.556237    0.647184    11.00000   -1.50000
 O2    4    1.015785    0.483550    0.634456    11.00000    0.01272    0.01823 =
          0.00757    0.00103    0.00041    0.00340
 O3    4    0.411161    0.756832    0.591965    11.00000    0.01739    0.02014 =
          0.01403    0.00079    0.00115    0.00916
 O4    4    1.255800    0.412462    0.559724    11.00000    0.01175    0.01596 =
          0.00892   -0.00133   -0.00044    0.00359
 C1    1    0.585679    0.677798    0.596452    11.00000    0.01198    0.01344 =
          0.00977    0.00008    0.00045    0.00220
 C2    1    0.735698    0.644129    0.541926    11.00000    0.01189    0.01416 =
          0.00908    0.00092    0.00015    0.00211
 AFIX  43
 H2    2    0.681198    0.687440    0.506391    11.00000   -1.20000
 AFIX   0
 C3    1    0.934729    0.562939    0.534621    11.00000    0.01103    0.01465 =
          0.00820    0.00067    0.00007    0.00170
 AFIX  43
 H3    2    0.995244    0.556523    0.494750    11.00000   -1.20000
 AFIX   0
 C4    1    1.075385    0.481223    0.579614    11.00000    0.00953    0.01269 =
          0.00818   -0.00003   -0.00035    0.00058
 HKLF 4



 Covalent radii and connectivity table for  8HQ_HAR_neP 21 21 21   R = 0.03                                            
 C      0.770
 H      0.320
 N      0.700
 O      0.660

 O5 - C6
 N1 - C13 C5
 C5 - N1 C10 C6
 C6 - O5 C7 C5
 C7 - C6 C8
 C8 - C9 C7
 C9 - C8 C10
 C10 - C11 C5 C9
 C11 - C12 C10
 C12 - C11 C13
 C13 - N1 C12
 O1 - C1
 O2 - C4
 O3 - C1
 O4 - C4
 C1 - O3 O1 C2
 C2 - C3 C1
 C3 - C2 C4
 C4 - O4 O2 C3


    15641  Reflections read, of which       0  rejected

 -12 =< h =< 12,    -23 =< k =< 23,    -51 =< l =< 51,   Max. 2-theta =   48.48

        0  Systematic absence violations (I>3sig(I)) before merging
 
 ** WARNING: Input data appear to be merged: CIF file will be incomplete **

        0  Inconsistent equivalents

    15641  Unique reflections, of which       0  suppressed

 R(int) = 0.0000     R(sigma) = 0.0328      Friedel opposites not merged

 Maximum memory for data reduction =     1924 /   155842


 Reflection statistics for all twin components combined (TWST 0 set)
 Number of data for d > 0.430A (CIF: max) and d > 0.833A (CIF: full)
 (ignoring systematic absences):
 Unique reflections found (point group)      15641    2156
 Unique reflections possible (point group)   15701    2158
 Unique reflections found (Laue group)        8645    1288
 Unique reflections possible (Laue group)     8669    1290
 Unique Friedel pairs found                   6996     868
 Unique Friedel pairs possible                7032     868


 Default effective X-H and X-D distances for T = -258.0C 
 AFIX m =    1     2     3     4   4[N]  3[N]  15[B]  8[O]   9   9[N]   16
 d(X-H) =  1.00  0.99  0.98  0.95  0.88  0.91  1.12  0.84  0.95  0.88  0.95

 Note that these distances are chosen to give the best fit to the X-ray data
 and so avoid the introduction of systematic error.  The true internuclear
 distances are longer and do not vary with temperature!  The apparent
 variation with temperature is caused by libration.


 Least-squares cycle   1   Maximum vector length =  623   Memory required =     41 /   2402 /   274687

 wR2 =  0.1249 before cycle   1 for   15641 data and    184 /    184 parameters

 GooF = S =     0.865;     Restrained GooF =      0.865 for       0 restraints

 Weight = 1 / [ sigma^2(Fo^2) + ( 0.1000 * P )^2 +   0.00 * P ]   where  P = ( Max ( Fo^2, 0 ) + 2 * Fc^2 ) / 3


     N      value        esd    shift/esd  parameter

     1     0.64716     0.00095    -0.005    OSF

 Mean shift/esd =   0.010  Maximum =    -0.042 for   y  H1       

 Max. shift = 0.001 A for H1        Max. dU = 0.000 for H6         


 Least-squares cycle   2   Maximum vector length =  623   Memory required =     41 /   2402 /   274687

 wR2 =  0.1249 before cycle   2 for   15641 data and    184 /    184 parameters

 GooF = S =     0.865;     Restrained GooF =      0.865 for       0 restraints

 Weight = 1 / [ sigma^2(Fo^2) + ( 0.1000 * P )^2 +   0.00 * P ]   where  P = ( Max ( Fo^2, 0 ) + 2 * Fc^2 ) / 3


     N      value        esd    shift/esd  parameter

     1     0.64716     0.00095     0.006    OSF

 Mean shift/esd =   0.004  Maximum =    -0.049 for   y  H1       

 Max. shift = 0.001 A for H1        Max. dU = 0.000 for H6         


 Least-squares cycle   3   Maximum vector length =  623   Memory required =     41 /   2402 /   274687

 wR2 =  0.1250 before cycle   3 for   15641 data and    184 /    184 parameters

 GooF = S =     0.865;     Restrained GooF =      0.865 for       0 restraints

 Weight = 1 / [ sigma^2(Fo^2) + ( 0.1000 * P )^2 +   0.00 * P ]   where  P = ( Max ( Fo^2, 0 ) + 2 * Fc^2 ) / 3


     N      value        esd    shift/esd  parameter

     1     0.64716     0.00095     0.000    OSF

 Mean shift/esd =   0.001  Maximum =    -0.042 for   y  H1       

 Max. shift = 0.001 A for H1        Max. dU = 0.000 for H6         


 Least-squares cycle   4   Maximum vector length =  623   Memory required =     41 /   2402 /   274687

 wR2 =  0.1250 before cycle   4 for   15641 data and    184 /    184 parameters

 GooF = S =     0.865;     Restrained GooF =      0.865 for       0 restraints

 Weight = 1 / [ sigma^2(Fo^2) + ( 0.1000 * P )^2 +   0.00 * P ]   where  P = ( Max ( Fo^2, 0 ) + 2 * Fc^2 ) / 3


     N      value        esd    shift/esd  parameter

     1     0.64716     0.00095     0.000    OSF

 Mean shift/esd =   0.001  Maximum =    -0.037 for   y  H1       

 Max. shift = 0.001 A for H1        Max. dU = 0.000 for H6         


 Least-squares cycle   5   Maximum vector length =  623   Memory required =     41 /   2402 /   274687

 wR2 =  0.1250 before cycle   5 for   15641 data and    184 /    184 parameters

 GooF = S =     0.865;     Restrained GooF =      0.865 for       0 restraints

 Weight = 1 / [ sigma^2(Fo^2) + ( 0.1000 * P )^2 +   0.00 * P ]   where  P = ( Max ( Fo^2, 0 ) + 2 * Fc^2 ) / 3


     N      value        esd    shift/esd  parameter

     1     0.64716     0.00095    -0.001    OSF

 Mean shift/esd =   0.001  Maximum =    -0.032 for   y  H1       

 Max. shift = 0.001 A for H1        Max. dU = 0.000 for H6         

 No correlation matrix elements larger than  0.500



 Idealized hydrogen atom generation before cycle   6

 Name     x       y       z    AFIX  d(X-H)  shift  Bonded to  Conformation determined by
 H5    1.7216  0.1769  0.5105  147   0.840   0.000   O5            C6  H5  
 H6    2.0353  0.0352  0.5491   43   0.950   0.000   C7            C6  C8  
 H7    2.2183 -0.0484  0.6371   43   0.950   0.000   C8            C9  C7  
 H8    2.0997  0.0316  0.7305   43   0.950   0.000   C9            C8  C10  
 H9    1.8152  0.1853  0.7912   43   0.950   0.000   C11           C12  C10  
 H10   1.4930  0.3432  0.7927   43   0.950   0.000   C12           C11  C13  
 H11   1.3095  0.4117  0.7022   43   0.950   0.000   C13           N1  C12  
 H2    0.6812  0.6874  0.5064   43   0.950   0.000   C2            C3  C1  
 H3    0.9952  0.5565  0.4948   43   0.950   0.000   C3            C2  C4  



  8HQ_HAR_neP 21 21 21   R = 0.03                                            

 ATOM           x        y        z         sof        U11      U22      U33      U23      U13      U12       Ueq

 O5          1.67624  0.21670  0.54178    1.00000    0.01687  0.01888  0.00738 -0.00109 -0.00089  0.00509   0.01438
   0.00102   0.00011  0.00006  0.00002    0.00000    0.00019  0.00019  0.00012  0.00012  0.00012  0.00015   0.00008

 H5          1.72161  0.17686  0.51051    1.00000    0.02156
                                          0.00000    0.00000

 N1          1.52218  0.29945  0.64986    1.00000    0.01046  0.01243  0.00738 -0.00027 -0.00014  0.00138   0.01009
   0.00090   0.00010  0.00005  0.00002    0.00000    0.00015  0.00015  0.00012  0.00011  0.00011  0.00012   0.00006

 H4          1.44423  0.33302  0.61374    1.00000    0.01514
   0.03053   0.00353  0.00178  0.00075    0.00000    0.00000

 C5          1.71251  0.20831  0.64635    1.00000    0.01058  0.01180  0.00786 -0.00018  0.00002  0.00106   0.01008
   0.00102   0.00011  0.00006  0.00002    0.00000    0.00017  0.00017  0.00014  0.00012  0.00012  0.00013   0.00007

 C6          1.79216  0.16228  0.58932    1.00000    0.01243  0.01417  0.00830 -0.00105 -0.00004  0.00220   0.01163
   0.00110   0.00012  0.00007  0.00003    0.00000    0.00019  0.00019  0.00015  0.00013  0.00013  0.00015   0.00008

 C7          1.98012  0.06760  0.58683    1.00000    0.01674  0.01852  0.01126 -0.00244  0.00029  0.00624   0.01551
   0.00137   0.00015  0.00008  0.00003    0.00000    0.00024  0.00024  0.00018  0.00016  0.00017  0.00020   0.00010

 H6          2.03525  0.03523  0.54909    1.00000    0.03219
                                          0.00000    0.00520

 C8          2.09167  0.01817  0.63984    1.00000    0.01855  0.01976  0.01363 -0.00132 -0.00085  0.00902   0.01731
   0.00151   0.00016  0.00008  0.00003    0.00000    0.00026  0.00025  0.00021  0.00018  0.00019  0.00022   0.00011

 H7          2.21832 -0.04836  0.63709    1.00000    0.04872
                                          0.00000    0.00663

 C9          2.02047  0.06450  0.69537    1.00000    0.01689  0.01753  0.01157  0.00026 -0.00129  0.00695   0.01533
   0.00138   0.00015  0.00008  0.00003    0.00000    0.00024  0.00023  0.00019  0.00016  0.00017  0.00019   0.00010

 H8          2.09971  0.03159  0.73047    1.00000    0.02282
                                          0.00000    0.00422

 C10         1.82760  0.16187  0.69961    1.00000    0.01215  0.01310  0.00859  0.00032 -0.00062  0.00229   0.01128
   0.00111   0.00012  0.00006  0.00003    0.00000    0.00019  0.00018  0.00015  0.00013  0.00013  0.00014   0.00008

 C11         1.74132  0.21432  0.75473    1.00000    0.01396  0.01446  0.00818  0.00056 -0.00110  0.00191   0.01220
   0.00113   0.00013  0.00007  0.00003    0.00000    0.00020  0.00019  0.00015  0.00013  0.00014  0.00016   0.00008

 H9          1.81521  0.18535  0.79117    1.00000    0.01464
                                          0.00000    0.00000

 C12         1.55026  0.30738  0.75573    1.00000    0.01382  0.01487  0.00773 -0.00037  0.00004  0.00174   0.01214
   0.00112   0.00013  0.00007  0.00003    0.00000    0.00020  0.00019  0.00015  0.00013  0.00013  0.00016   0.00008

 H10         1.49298  0.34324  0.79265    1.00000    0.02041
                                          0.00000    0.00390

 C13         1.44201  0.34826  0.70178    1.00000    0.01183  0.01357  0.00832 -0.00061  0.00018  0.00198   0.01124
   0.00109   0.00012  0.00006  0.00003    0.00000    0.00018  0.00018  0.00015  0.00013  0.00013  0.00014   0.00007

 H11         1.30947  0.41172  0.70222    1.00000    0.02739
                                          0.00000    0.00464

 O1          0.64251  0.62216  0.64788    1.00000    0.01609  0.01868  0.00943  0.00174  0.00228  0.00613   0.01473
   0.00110   0.00011  0.00006  0.00002    0.00000    0.00019  0.00019  0.00014  0.00013  0.00012  0.00015   0.00008

 H1          0.83511  0.55583  0.64720    1.00000    0.02209
   0.03380   0.00395  0.00200  0.00079    0.00000    0.00000

 O2          1.01579  0.48355  0.63446    1.00000    0.01272  0.01823  0.00757  0.00102  0.00041  0.00340   0.01284
   0.00096   0.00010  0.00006  0.00002    0.00000    0.00016  0.00018  0.00012  0.00011  0.00011  0.00014   0.00007

 O3          0.41116  0.75683  0.59197    1.00000    0.01739  0.02014  0.01403  0.00079  0.00115  0.00916   0.01719
   0.00122   0.00013  0.00006  0.00003    0.00000    0.00020  0.00021  0.00017  0.00015  0.00015  0.00017   0.00009

 O4          1.25580  0.41246  0.55972    1.00000    0.01175  0.01596  0.00892 -0.00133 -0.00044  0.00359   0.01221
   0.00090   0.00010  0.00005  0.00002    0.00000    0.00015  0.00016  0.00013  0.00011  0.00011  0.00013   0.00007

 C1          0.58568  0.67780  0.59645    1.00000    0.01198  0.01344  0.00977  0.00008  0.00045  0.00220   0.01173
   0.00113   0.00013  0.00006  0.00003    0.00000    0.00019  0.00019  0.00016  0.00013  0.00014  0.00015   0.00008

 C2          0.73570  0.64413  0.54193    1.00000    0.01189  0.01416  0.00908  0.00091  0.00015  0.00211   0.01171
   0.00114   0.00012  0.00006  0.00003    0.00000    0.00018  0.00019  0.00015  0.00013  0.00014  0.00015   0.00008

 H2          0.68120  0.68744  0.50639    1.00000    0.01405
                                          0.00000    0.00000

 C3          0.93473  0.56294  0.53462    1.00000    0.01103  0.01465  0.00820  0.00067  0.00007  0.00170   0.01130
   0.00110   0.00012  0.00006  0.00002    0.00000    0.00018  0.00019  0.00015  0.00013  0.00013  0.00015   0.00007

 H3          0.99525  0.55652  0.49475    1.00000    0.01356
                                          0.00000    0.00000

 C4          1.07539  0.48122  0.57961    1.00000    0.00953  0.01269  0.00818 -0.00003 -0.00035  0.00058   0.01013
   0.00101   0.00011  0.00006  0.00002    0.00000    0.00016  0.00017  0.00014  0.00012  0.00012  0.00014   0.00007



 Final Structure Factor Calculation for  8HQ_HAR_neP 21 21 21   R = 0.03                                            

 Total number of l.s. parameters =   184  Maximum vector length =  623   Memory required =     41 /   2218 /    28035

 wR2 =  0.1250 before cycle   6 for   15641 data and      0 /    184 parameters

 GooF = S =     0.865;     Restrained GooF =      0.865 for       0 restraints

 Weight = 1 / [ sigma^2(Fo^2) + ( 0.1000 * P )^2 +   0.00 * P ]   where  P = ( Max ( Fo^2, 0 ) + 2 * Fc^2 ) / 3

 wR2 = 0.1250, GooF = S = 0.865, Restrained GooF = 0.865 for all data
 R1 = 0.0433 for 12932 Fo > 4sig(Fo) and 0.0569 for all 15641 data

 Flack x =   -0.543(999) by classical fit to all intensities
             -0.025(640) from 4959 selected quotients (Parsons' method)

 ** Absolute structure cannot be determined reliably **

 Occupancy sum of asymmetric unit =    19.00 for non-hydrogen and    11.00 for H and D atoms



 Principal mean square atomic displacements U

   0.0232   0.0127   0.0073   O5  
   0.0132   0.0098   0.0074   N1  
   0.0124   0.0100   0.0078   C5  
   0.0158   0.0110   0.0081   C6  
   0.0242   0.0130   0.0094   C7  
   0.0284   0.0135   0.0101   C8  
   0.0242   0.0122   0.0096   C9  
   0.0150   0.0105   0.0084   C10  
   0.0161   0.0126   0.0078   C11  
   0.0162   0.0125   0.0077   C12  
   0.0149   0.0106   0.0082   C13  
   0.0242   0.0113   0.0087   O1  
   0.0199   0.0111   0.0075   O2  
   0.0282   0.0139   0.0095   O3  
   0.0182   0.0098   0.0086   O4  
   0.0151   0.0105   0.0096   C1  
   0.0155   0.0107   0.0089   C2  
   0.0154   0.0104   0.0081   C3  
   0.0128   0.0095   0.0081   C4  

     0  atoms may be split and     0  atoms NPD



 Analysis of variance for reflections employed in refinement      K = Mean[Fo^2] / Mean[Fc^2]  for group


 Fc/Fc(max)       0.000    0.009    0.014    0.018    0.022    0.026    0.032    0.040    0.052    0.076    1.000

 Number in group      1770.    1741.    1549.    1497.    1289.    1620.    1572.    1540.    1514.    1549.

            GooF      0.830    0.858    0.976    0.978    0.979    0.913    0.805    0.781    0.779    0.733

             K        1.866    1.094    1.034    1.020    1.011    1.010    1.006    1.003    0.998    1.019


 Resolution(A)    0.43     0.45     0.46     0.48     0.51     0.54     0.58     0.64     0.74     0.93     inf

 Number in group      1579.    1555.    1573.    1552.    1561.    1587.    1537.    1571.    1549.    1577.

            GooF      0.825    0.824    0.872    0.902    0.895    0.802    0.754    0.727    0.792    1.171

             K        1.041    1.033    1.012    1.013    1.009    1.012    1.012    1.012    0.994    1.021

             R1       0.157    0.129    0.113    0.097    0.072    0.049    0.040    0.033    0.033    0.036


 Recommended weighting scheme:  WGHT    0.0729    0.0000


 Most Disagreeable Reflections (* if suppressed or used for Rfree).
 Error/esd is calculated as sqrt(wD^2/<wD^2>) where w is given by the weight
 formula, D = Fo^2-Fc^2 and <> refers to the average over all reflections.

     h   k   l          Fo^2          Fc^2    Error/esd  Fc/Fc(max)  Resolution(A)

     1   0  15         13.11          4.87       8.47       0.015       1.44
     0   3  14         11.80          4.83       7.61       0.015       1.44
    -2  18  19         42.00         88.67       7.12       0.062       0.49
     2  18  19         45.89         88.67       6.55       0.062       0.49
     2   0  19         17.69          9.76       6.06       0.021       1.08
     1   0   5          7.62          3.90       6.02       0.013       3.43
     1  18  15          3.87         12.01       5.96       0.023       0.52
     3  13   2         24.55         44.60       5.91       0.044       0.70
     4   6   0          7.02         15.04       5.75       0.026       1.04
    -3   2  14         14.52          8.41       5.31       0.019       1.16
    -3  13   2         26.77         44.66       5.26       0.044       0.70
     0  18  21          7.74         17.96       5.11       0.028       0.49
     1   7   6          3.51          1.62       4.96       0.008       1.29
    -3  20   3          5.61         12.19       4.91       0.023       0.48
     0   1   6          5.95          1.17       4.91       0.007       3.49
    -2   4  17         26.31         17.15       4.88       0.027       1.07
    -2   2  16         13.28          8.09       4.84       0.019       1.20
     0   9  17         10.91         19.10       4.70       0.029       0.85
     5   3   0         66.69        105.91       4.62       0.068       1.02
     2   4  17         25.79         17.21       4.59       0.027       1.07
    -2   2  17         19.24         30.01       4.54       0.036       1.15
    -2  20   3          2.44          6.38       4.51       0.017       0.49
     1  21   0         17.00         27.35       4.47       0.035       0.47
     2   2  16         12.80          8.10       4.43       0.019       1.20
     2  18  21          2.36          9.32       4.36       0.020       0.48
    -1   1  15         24.33         36.92       4.36       0.040       1.42
     3   2  14         13.18          8.41       4.25       0.019       1.16
     2   2  17         19.91         30.02       4.22       0.036       1.15
     3   7   2         12.13         18.98       4.22       0.029       1.11
     0   5  19          2.13          5.19       4.19       0.015       1.01
     0   4   9         21.51         14.04       4.18       0.025       1.76
     3   0   6         37.06         26.10       4.15       0.034       1.61
    -2   6   3         26.41         18.78       4.06       0.029       1.39
     2   6   3         26.60         18.82       4.05       0.029       1.39
     3   0  11          9.26          5.81       4.02       0.016       1.34
    -4  18  11          1.58          9.11       4.02       0.020       0.50
     2   3  14         50.05         35.84       3.98       0.040       1.27
    -3   3  14          7.21         11.65       3.97       0.023       1.12
    -1  20   1         15.93         24.21       3.96       0.033       0.50
     3   0  17          1.00          4.52       3.96       0.014       1.06
     0  19  19         22.64         34.90       3.93       0.039       0.48
     2   1  17         16.62         11.33       3.93       0.022       1.17
     1   1  15         25.50         36.93       3.92       0.040       1.42
     0   6  20         33.64         48.80       3.91       0.046       0.93
     0  19  23         34.43         51.85       3.90       0.048       0.46
     1  17  19         35.93         52.72       3.87       0.048       0.52
     4  13  28          6.80         11.56       3.86       0.023       0.51
    -2   3  14         49.47         35.86       3.85       0.040       1.27
     3  10   0          9.12         14.03       3.85       0.025       0.87
    -4   7   3         20.73         13.71       3.85       0.025       0.97



 Bond lengths and angles

 O5 -            Distance        Angles
 C6        1.3443 (0.0008) 
 H5        0.8400           109.47       
                 O5              C6           

 N1 -            Distance        Angles
 C13       1.3293 (0.0007) 
 C5        1.3664 (0.0008)  122.26 (0.05)
 H4        0.9681 (0.0173)  117.54 (1.07) 120.17 (1.07)
                 N1              C13           C5           

 C5 -            Distance        Angles
 N1        1.3664 (0.0008) 
 C10       1.4176 (0.0008)  119.48 (0.05)
 C6        1.4202 (0.0008)  119.33 (0.05) 121.19 (0.05)
                 C5              N1            C10          

 C6 -            Distance        Angles
 O5        1.3443 (0.0008) 
 C7        1.3800 (0.0009)  125.45 (0.06)
 C5        1.4202 (0.0008)  116.14 (0.05) 118.41 (0.06)
                 C6              O5            C7           

 C7 -            Distance        Angles
 C6        1.3800 (0.0009) 
 C8        1.4148 (0.0010)  120.76 (0.06)
 H6        0.9500           119.62        119.62       
                 C7              C6            C8           

 C8 -            Distance        Angles
 C9        1.3780 (0.0010) 
 C7        1.4148 (0.0010)  121.39 (0.06)
 H7        0.9500           119.31        119.31       
                 C8              C9            C7           

 C9 -            Distance        Angles
 C8        1.3780 (0.0010) 
 C10       1.4195 (0.0009)  119.36 (0.06)
 H8        0.9500           120.32        120.32       
                 C9              C8            C10          

 C10 -           Distance        Angles
 C11       1.4156 (0.0008) 
 C5        1.4176 (0.0008)  117.94 (0.05)
 C9        1.4195 (0.0009)  123.21 (0.06) 118.85 (0.05)
                 C10             C11           C5           

 C11 -           Distance        Angles
 C12       1.3801 (0.0009) 
 C10       1.4156 (0.0008)  120.25 (0.05)
 H9        0.9500           119.87        119.87       
                 C11             C12           C10          

 C12 -           Distance        Angles
 C11       1.3801 (0.0009) 
 C13       1.3982 (0.0008)  119.22 (0.05)
 H10       0.9500           120.39        120.39       
                 C12             C11           C13          

 C13 -           Distance        Angles
 N1        1.3293 (0.0007) 
 C12       1.3982 (0.0008)  120.84 (0.06)
 H11       0.9500           119.58        119.58       
                 C13             N1            C12          

 O1 -            Distance        Angles
 C1        1.3123 (0.0008) 
 H1        1.2233 (0.0210)  114.37 (0.85)
                 O1              C1           

 O2 -            Distance        Angles
 C4        1.2665 (0.0007) 
 H1        1.2380 (0.0205)  115.40 (0.85)
                 O2              C4           

 O3 -            Distance        Angles
 C1        1.2252 (0.0008) 
                 O3             

 O4 -            Distance        Angles
 C4        1.2637 (0.0008) 
                 O4             

 C1 -            Distance        Angles
 O3        1.2252 (0.0008) 
 O1        1.3123 (0.0008)  121.35 (0.06)
 C2        1.4965 (0.0009)  119.02 (0.06) 119.63 (0.05)
                 C1              O3            O1           

 C2 -            Distance        Angles
 C3        1.3466 (0.0009) 
 C1        1.4965 (0.0009)  131.02 (0.05)
 H2        0.9500           114.49        114.49       
                 C2              C3            C1           

 C3 -            Distance        Angles
 C2        1.3466 (0.0009) 
 C4        1.4970 (0.0008)  129.99 (0.05)
 H3        0.9500           115.00        115.00       
                 C3              C2            C4           

 C4 -            Distance        Angles
 O4        1.2637 (0.0008) 
 O2        1.2665 (0.0007)  122.81 (0.06)
 C3        1.4970 (0.0008)  116.25 (0.05) 120.93 (0.05)
                 C4              O4            O2           



 Selected torsion angles

     0.96 ( 0.09)  C13 - N1 - C5 - C10
  -178.76 ( 0.06)  C13 - N1 - C5 - C6
     2.11 ( 0.09)  N1 - C5 - C6 - O5
  -177.61 ( 0.06)  C10 - C5 - C6 - O5
  -178.30 ( 0.06)  N1 - C5 - C6 - C7
     1.98 ( 0.10)  C10 - C5 - C6 - C7
   179.20 ( 0.08)  O5 - C6 - C7 - C8
    -0.35 ( 0.12)  C5 - C6 - C7 - C8
    -1.31 ( 0.14)  C6 - C7 - C8 - C9
     1.31 ( 0.13)  C7 - C8 - C9 - C10
    -0.94 ( 0.09)  N1 - C5 - C10 - C11
   178.78 ( 0.06)  C6 - C5 - C10 - C11
   178.32 ( 0.06)  N1 - C5 - C10 - C9
    -1.97 ( 0.10)  C6 - C5 - C10 - C9
   179.52 ( 0.08)  C8 - C9 - C10 - C11
     0.31 ( 0.11)  C8 - C9 - C10 - C5
     0.22 ( 0.10)  C5 - C10 - C11 - C12
  -179.00 ( 0.07)  C9 - C10 - C11 - C12
     0.50 ( 0.10)  C10 - C11 - C12 - C13
    -0.21 ( 0.10)  C5 - N1 - C13 - C12
    -0.53 ( 0.10)  C11 - C12 - C13 - N1
   179.29 ( 0.08)  O3 - C1 - C2 - C3
    -0.92 ( 0.11)  O1 - C1 - C2 - C3
    -1.46 ( 0.12)  C1 - C2 - C3 - C4
   179.38 ( 0.07)  C2 - C3 - C4 - O4
    -1.45 ( 0.11)  C2 - C3 - C4 - O2


 FMAP and GRID set by program

 FMAP   2   3  45
 GRID    -0.595  -2  -2     0.595   2   2

 R1 =  0.0497 for   8645 unique reflections after merging for Fourier


 Electron density synthesis with coefficients Fo-Fc

 Highest peak    0.77  at -0.0008  0.2852  0.0949  [  0.59 A from C1 ]
 Deepest hole   -0.41  at  0.4244  0.4758  0.0851  [  0.45 A from C4 ]
 
 Molecule  1     scale 0.549 inches = 1.395 cm per Angstrom
  
  
  
  
  
  
  
  
  
  
  
  
  
                                                                     O3
  
  
                                                                    Q1
  
  
  
                                                                    C1
  
                                                         O1
                                                          Q12
                                                                               C2
                                                                                                           O3
                                                         Q9
  
  
                                                                               Q2
  
  
                                                                               C3
                                                      N1   Q4
  
  
                                                          O2
                                                                      C4
  
  
                                                                        Q8
  
  
                                                         O1
                                                                         O4
  
  
                                            Q11                          Q13
                                                                                             O5
                                            C13
  
                                                  Q17
  
                                C12                   N1
 O3
           O1
                                Q6                    Q3   O2
  
                                                                           Q14
  
                                C11                                        **5
                                                      C5
                                     Q19                   Q10
                                                Q16
                                           C10                   C6
  
  
  
                                           Q5                    Q7                            O4
                                                                                             O5
  
  
                                           C9                    C7
        O2
                                                 Q20        Q18
  
                                                      C8
  
  
  
  
  
  
  
  
  
  
  
  
  
  
  
  
                                                              O3
 


 Atom      Peak    x       y       z     Sof  Height Code/Atom   Distances and Angles

 O5        0.17  1.6762  0.2167  0.5418 1.000  2.01   0 H5       0.840
                                                      0 N1       2.682 169.7
                                                      0 H4       2.339 163.8  20.8
                                                      0 C6       1.344 109.5  63.5  84.3
                                                      0 H6       2.643  61.1 112.2 133.0  48.7
                                                      0 O4       3.004 129.4  56.6  35.8 120.1 168.5
                                                      0 Q14      0.487 123.5  62.2  41.5 125.5 172.5   6.0
                                                      0 Q15      0.544  85.9  87.3  84.3  95.6  97.4  80.3  77.7
                                                      0 Q7       1.745  94.1  79.3 100.2  15.9  33.0 136.0 141.5  98.8
                                                      0 Q10      1.814 135.3  37.7  58.5  25.9  74.6  94.3  99.9  94.1  41.7
                                                     17 O4       2.644   7.5 166.5 156.5 114.0  66.5 123.5 117.5  79.7  99.1 139.3
                                                      3 H5       2.896  94.6  89.6  69.6 148.6 152.2  35.8  29.8  65.4 161.4 125.9

 H5        0.00  1.7216  0.1769  0.5105 1.000  1.93   0 O5       0.840
                                                      0 Q15      0.968  34.1
                                                      0 Q14      1.181  20.1  33.3
                                                     17 O4       1.815 169.0 136.4 150.5
                                                      1 O5       2.896 113.8 147.9 118.0  75.4

 N1        0.00  1.5222  0.2995  0.6499 1.000  2.10   0 O5       2.682
                                                      0 H4       0.968  59.2
                                                      0 C5       1.366  61.0 120.2
                                                      0 C13      1.329 176.2 117.5 122.3
                                                      0 O2       3.288 109.3  50.6 168.0  67.8
                                                      0 O4       2.712  67.7   8.5 128.7 109.1  42.1
                                                      0 Q17      0.566 174.7 117.7 121.9   6.3  67.2 109.2
                                                      0 Q3       0.595  62.4 121.5   2.7 121.0 167.4 129.9 120.3
                                                      0 Q11      1.605 161.2 102.0 137.8  15.6  52.3  93.5  16.7 136.5
                                                      0 Q10      1.668  41.6 100.8  19.4 141.5 150.5 109.3 141.3  21.0 157.1
                                                      0 Q16      1.829  80.8 139.5  20.7 102.6 163.0 147.6 101.6  18.8 118.0  39.7
                                                     12 O2       3.232  80.2  93.7  76.5  98.4 109.9  96.4 104.6  78.9 101.5  75.0
                                                     10 O1       3.287 103.3  74.5 120.5  73.4  67.1  71.6  79.2 122.8  67.7 117.2

 H4        0.00  1.4442  0.3330  0.6137 1.000  2.03   0 O5       2.339
                                                      0 N1       0.968 100.0
                                                      0 O2       2.776 145.1 113.7
                                                      0 O4       1.760  93.1 166.8  53.1
                                                      0 Q17      1.329 122.0  22.1  91.7 144.7
                                                      0 Q3       1.376  78.4  21.6 134.8 171.2  43.7
                                                      0 Q13      1.399  79.4 178.0  66.6  13.8 158.3 157.5

 C5        0.00  1.7125  0.2083  0.6464 1.000  2.15   0 N1       1.366
                                                      0 C6       1.420 119.3
                                                      0 C10      1.418 119.5 121.2
                                                      0 Q10      0.591 110.5   9.6 129.9
                                                      0 Q16      0.733 118.0 119.8  17.2 129.3
                                                      0 Q3       0.772   2.1 120.3 118.5 111.6 116.5
                                                      0 Q17      1.733  16.1 135.3 103.5 126.6 102.3  15.0
                                                      0 Q5       1.763 136.5 104.2  17.0 112.9  23.7 135.4 120.5
                                                      0 Q7       1.775 136.0  16.8 104.5  25.6 104.3 137.1 152.1  87.5
                                                      0 Q19      1.915  97.6 143.1  22.0 151.3  28.6  96.6  81.6  39.0 126.3

 C6        0.00  1.7922  0.1623  0.5893 1.000  2.09   0 O5       1.344
                                                      0 C5       1.420 116.1
                                                      0 C7       1.380 125.4 118.4
                                                      0 Q7       0.583 124.9 118.6   6.1
                                                      0 Q10      0.843 109.9   6.7 124.6 124.4
                                                      0 Q15      1.499  21.2 112.6 124.6 126.7 107.7
                                                      0 Q14      1.675  13.7 102.5 139.0 138.5  96.4  22.7
                                                      0 Q18      1.769 145.0  98.8  19.7  20.3 104.9 142.8 158.7
                                                      0 Q16      1.894 134.6  19.6  99.6 100.5  26.3 126.7 121.0  80.3
                                                      0 Q3       1.929  96.0  20.2 138.6 138.7  14.5  93.3  82.4 119.0  39.1

 C7        0.13  1.9801  0.0676  0.5868 1.000  2.12   0 C6       1.380
                                                      0 H6       0.950 119.6
                                                      0 C8       1.415 120.8 119.6
                                                      0 Q18      0.662 115.5 124.6   7.2
                                                      0 Q7       0.802   4.4 119.3 120.9 115.2
                                                      0 Q20      1.859 104.6 135.7  16.2  11.4 104.7
                                                      0 Q10      1.984  20.5 140.1 100.3  95.0  20.9  84.2

 H6        0.13  2.0353  0.0352  0.5491 1.000  2.08   0 O5       2.643
                                                      0 C7       0.950  66.2
                                                      0 Q18      1.434  88.4  22.3
                                                      0 Q7       1.514  38.8  27.5  49.6
                                                     17 O4       2.901  56.7 121.6 143.7  95.1

 C8        0.00  2.0917  0.0182  0.6398 1.000  2.21   0 C7       1.415
                                                      0 H7       0.950 119.3
                                                      0 C9       1.378 121.4 119.3
                                                      0 Q20      0.637 125.5 115.0   5.9
                                                      0 Q18      0.763   6.3 123.8 116.7 120.5
                                                      0 Q5       1.924  98.9 141.8  22.5  27.1  94.3
                                                      0 Q7       1.952  20.7 139.9 100.8 104.9  16.3  78.3

 H7        0.00  2.2183 -0.0484  0.6371 1.000  2.22   0 C8       0.950
                                                      0 Q20      1.349  25.4
                                                      0 Q18      1.513  24.8  49.9
                                                     14 O3       2.421 153.1 166.9 131.6

 C9        0.19  2.0205  0.0645  0.6954 1.000  2.28   0 C8       1.378
                                                      0 H8       0.950 120.3
                                                      0 C10      1.420 119.4 120.3
                                                      0 Q20      0.747   5.1 116.6 123.0
                                                      0 Q5       0.839 118.4 121.3   1.0 122.0
                                                      0 Q18      1.851  21.6 141.7  97.9  25.2  96.9
                                                      0 Q16      1.882  99.6 139.5  20.7 103.7  19.9  78.6
                                                      0 Q19      1.986 138.7 100.9  19.4 142.2  20.3 117.2  39.7

 H8        0.10  2.0997  0.0316  0.7305 1.000  2.36   0 C9       0.950
                                                      0 Q20      1.447  27.5
                                                      0 Q5       1.560  27.4  54.8

 C10       0.00  1.8276  0.1619  0.6996 1.000  2.26   0 C5       1.418
                                                      0 C9       1.420 118.8
                                                      0 C11      1.416 117.9 123.2
                                                      0 Q5       0.581 117.5   1.4 124.6
                                                      0 Q16      0.749  16.8 117.1 116.9 115.9
                                                      0 Q19      0.801 116.6 124.5   3.3 125.9 116.6
                                                      0 Q10      1.853  14.2 104.8 132.0 103.4  22.9 130.5
                                                      0 Q3       1.910  20.8 139.6  97.1 138.3  26.0  95.9  35.0
                                                      0 Q20      1.931 100.0  18.9 142.1  17.6  99.5 143.2  85.9 120.8
                                                      0 Q6       1.978  95.8 145.4  22.2 146.7  95.8  21.1 109.9  75.0 164.3

 C11       0.17  1.7413  0.2143  0.7547 1.000  2.32   0 C10      1.416
                                                      0 H9       0.950 119.9
                                                      0 C12      1.380 120.3 119.9
                                                      0 Q19      0.618   4.3 121.5 118.5
                                                      0 Q6       0.854 119.1 121.0   1.1 117.3
                                                      0 Q5       1.810  15.3 104.5 135.6  17.5 134.5
                                                      0 Q16      1.877  20.8 139.3 100.4  20.9  99.3  35.7

 H9        0.00  1.8152  0.1853  0.7912 1.000  2.40   0 C11      0.950
                                                      0 Q19      1.377  22.5
                                                      0 Q6       1.571  27.8  50.2
                                                     13 O2       2.764 150.8 133.7 158.1
                                                     11 O1       2.868  96.9 112.1  79.2  80.3
                                                     16 O3       2.965 120.8 143.2  93.4  77.2  44.5

 C12       0.00  1.5503  0.3074  0.7557 1.000  2.28   0 C11      1.380
                                                      0 H10      0.950 120.4
                                                      0 C13      1.398 119.2 120.4
                                                      0 Q6       0.526   1.9 122.2 117.4
                                                      0 Q11      1.706 133.0 106.6  13.8 131.2
                                                      0 Q19      1.761  18.0 138.3 101.3  16.1 115.1
                                                      0 Q17      1.909  99.0 140.6  20.3  97.2  34.0  81.1

 H10       0.00  1.4930  0.3432  0.7927 1.000  2.33   0 C12      0.950
                                                      0 Q6       1.308  19.9
                                                     11 O1       2.677 102.0  91.1
                                                     16 O3       2.767 129.2 109.8  47.9

 C13       0.00  1.4420  0.3483  0.7018 1.000  2.16   0 N1       1.329
                                                      0 C12      1.398 120.8
                                                      0 H11      0.950 119.6 119.6
                                                      0 Q11      0.482 116.7 122.4   3.5
                                                      0 Q17      0.770   4.6 120.6 119.6 116.5
                                                      0 Q6       1.706 104.9  15.9 135.5 138.3 104.8
                                                      0 Q3       1.714  17.3 103.5 136.9 133.9  17.6  87.6

 H11       0.00  1.3095  0.4117  0.7022 1.000  2.12   0 C13      0.950
                                                      0 O2       2.295 135.3
                                                      0 Q11      0.470   3.6 131.9
                                                      0 Q17      1.489  26.7 108.8  23.6

 O1        0.24  0.6425  0.6222  0.6479 1.000  1.48   0 H1       1.223
                                                      0 C1       1.312 114.4
                                                      0 Q12      0.511  73.2  78.3
                                                      0 Q9       0.568   7.1 110.5  77.5
                                                      0 Q1       1.683 131.8  17.6  84.4 128.0
                                                      9 H10      2.677 132.9  91.3  74.5 140.0  77.0
                                                      7 H9       2.868 147.3  97.2 124.0 148.5  80.2  49.6
                                                      4 N1       3.287  68.5 112.4 141.3  63.8 117.4 138.5  92.5

 H1        0.00  0.8351  0.5558  0.6472 1.000  1.63   0 O1       1.223
                                                      0 O2       1.238 166.8
                                                      0 Q9       0.664   6.1 161.1
                                                      0 Q4       0.752 156.6  11.3 151.8
                                                      0 Q12      1.181  24.4 154.6  28.5 145.0

 O2        0.29  1.0158  0.4835  0.6345 1.000  1.72   0 N1       3.288
                                                      0 H4       2.776  15.6
                                                      0 H11      2.295  36.3  51.5
                                                      0 H1       1.238 160.5 175.0 124.3
                                                      0 C4       1.267  83.4  67.8 117.5 115.4
                                                      0 Q4       0.522 171.9 165.4 138.3  16.4  99.1
                                                      0 Q8       1.683  66.7  51.1 101.7 132.3  16.9 116.0
                                                      0 Q9       1.879 166.6 177.7 130.6   6.6 110.0  12.4 126.7
                                                      8 H9       2.764  94.4 103.1  66.9  72.0 120.9  77.7 122.3  77.8
                                                      4 N1       3.232 109.9 112.4 108.0  70.9 107.3  76.8 109.4  68.3 128.1

 O3        0.00  0.4112  0.7568  0.5920 1.000  1.46   0 C1       1.225
                                                      0 H2       2.493  56.2
                                                      0 Q1       0.640   1.5  57.5
                                                      6 H7       2.421 143.8 142.1 143.4
                                                     18 H2       2.579 124.8  71.4 125.8  88.8
                                                     19 H3       2.726 111.9  63.2 113.4  79.4  47.5
                                                      9 H10      2.767  89.1 134.0  88.4  55.9 144.6 114.8
                                                      7 H9       2.965  94.7 147.6  93.3  69.7 127.5 149.1  47.9

 O4        0.00  1.2558  0.4125  0.5597 1.000  1.89   0 O5       3.004
                                                      0 N1       2.712  55.7
                                                      0 H4       1.760  51.0   4.7
                                                      0 H3       2.473 136.1 166.8 170.6
                                                      0 C4       1.264 166.0 111.4 116.1  57.4
                                                      0 Q13      0.522  11.5  44.3  39.7 147.7 154.7
                                                      0 Q8       0.669 167.0 113.8 118.4  55.4   3.4 156.2
                                                      3 H5       1.815  68.9 119.4 115.4  73.8 119.7  78.4 116.3
                                                      2 O5       2.644  71.8 121.2 117.4  71.9 116.4  81.1 113.1   3.5
                                                      5 H6       2.901  67.7 115.3 111.2  72.1 126.1  78.4 125.2  54.2  56.7

 C1        0.00  0.5857  0.6778  0.5965 1.000  1.53   0 O1       1.312
                                                      0 O3       1.225 121.4
                                                      0 C2       1.496 119.6 119.0
                                                      0 Q1       0.586 119.9   1.6 120.4
                                                      0 Q12      1.308  22.5 125.5 110.9 124.6
                                                      0 Q9       1.602  19.4 140.7 100.2 139.3  24.3

 C2        0.00  0.7357  0.6441  0.5419 1.000  1.67   0 C1       1.496
                                                      0 H2       0.950 114.5
                                                      0 C3       1.347 131.0 114.5
                                                      0 Q2       0.771 131.1 114.4   0.8
                                                      0 Q1       1.863  15.7  98.8 146.7 146.8

 H2        0.00  0.6812  0.6874  0.5064 1.000  1.69   0 O3       2.493
                                                      0 C2       0.950  70.3
                                                      0 Q2       1.450  99.2  29.0
                                                     15 O3       2.579 150.4 131.7 104.3

 C3        0.00  0.9347  0.5629  0.5346 1.000  1.77   0 C2       1.347
                                                      0 H3       0.950 115.0
                                                      0 C4       1.497 130.0 115.0
                                                      0 Q2       0.576   1.0 114.9 130.1
                                                      0 Q8       1.823 147.4  97.6  17.4 147.5

 H3        0.00  0.9952  0.5565  0.4948 1.000  1.84   0 O4       2.473
                                                      0 C3       0.950  71.3
                                                      0 Q2       1.302  95.0  23.6
                                                     15 O3       2.726 155.2 124.4 102.0

 C4        0.00  1.0754  0.4812  0.5796 1.000  1.79   0 O2       1.267
                                                      0 O4       1.264 122.8
                                                      0 C3       1.497 120.9 116.3
                                                      0 Q8       0.598 125.1   3.8 113.9
                                                      0 Q4       1.444  20.9 143.7 100.0 146.0
                                                      0 Q13      1.750 115.5   7.3 123.5   9.8 136.4
                                                      0 Q2       1.919 107.7 129.5  13.3 127.2  86.8 136.8

 Q1        0.77  0.5008  0.7148  0.5949 1.000  1.49   0 O1       1.683
                                                      0 O3       0.640 140.2
                                                      0 C1       0.586  42.5 176.9
                                                      0 C2       1.863  86.4 133.4  43.8
                                                      0 Q12      1.710  17.3 142.7  39.1  80.5

 Q2        0.64  0.8509  0.5985  0.5378 1.000  1.73   0 C2       0.771
                                                      0 H2       1.450  36.6
                                                      0 C3       0.576 178.2 143.5
                                                      0 H3       1.302 138.7 102.1  41.4
                                                      0 C4       1.919 143.2 179.8  36.7  78.1

 Q3        0.61  1.6022  0.2580  0.6490 1.000  2.11   0 N1       0.595
                                                      0 H4       1.376  36.9
                                                      0 C5       0.772 175.2 140.7
                                                      0 C6       1.929 138.1 101.3  39.5
                                                      0 C10      1.910 141.5 177.1  40.7  80.2
                                                      0 C13      1.714  41.7  78.6 140.5 177.6  99.9
                                                      0 Q17      1.007  29.0  65.7 153.6 166.9 112.9  13.4
                                                      0 Q10      1.132 148.1 111.6  29.0  10.7  69.7 168.6 176.9
                                                      0 Q16      1.280 152.6 167.8  30.9  69.0  14.9 111.4 123.7  59.2

 Q4        0.56  0.9426  0.5181  0.6334 1.000  1.70   0 H1       0.752
                                                      0 O2       0.522 152.2
                                                      0 C4       1.444 147.4  60.0
                                                      0 Q9       1.374  13.2 162.9 134.6
                                                      0 Q12      1.848  21.5 167.4 129.0  17.4
                                                      0 Q8       1.968 157.1  50.2   9.8 144.1 138.6

 Q5        0.55  1.9067  0.1222  0.6973 1.000  2.27   0 C5       1.763
                                                      0 C8       1.924  97.8
                                                      0 C9       0.839 136.8  39.0
                                                      0 H8       1.560 168.2  70.4  31.4
                                                      0 C10      0.581  45.5 143.2 177.7 146.3
                                                      0 C11      1.810  85.6 176.6 137.6 106.2  40.1
                                                      0 Q16      1.131  15.1 107.8 145.4 168.5  36.6  75.4
                                                      0 Q19      1.235  77.2 174.7 146.0 114.7  31.7   8.7  67.6
                                                      0 Q20      1.388 109.7  12.1  27.1  58.5 155.2 164.6 119.8 172.4

 Q6        0.55  1.6233  0.2721  0.7546 1.000  2.30   0 C10      1.978
                                                      0 C11      0.854  38.7
                                                      0 H9       1.571  69.9  31.2
                                                      0 C12      0.526 144.2 177.0 145.8
                                                      0 H10      1.308 177.9 139.2 107.9  37.9
                                                      0 C13      1.706  97.5 136.2 167.4  46.7  84.6
                                                      0 Q19      1.264  13.2  25.7  56.9 157.2 164.7 110.6

 Q7        0.54  1.8790  0.1270  0.5880 1.000  2.13   0 O5       1.745
                                                      0 C5       1.775  83.6
                                                      0 C6       0.583  39.2  44.7
                                                      0 C7       0.802 141.0 134.4 169.5
                                                      0 H6       1.514 108.2 167.2 146.3  33.2
                                                      0 C8       1.952 176.7  96.3 140.3  38.5  71.6
                                                      0 Q18      1.238 169.9 106.2 150.3  28.9  61.8   9.9
                                                      0 Q10      1.268  72.1  11.6  33.3 146.0 176.4 108.0 117.8
                                                      0 Q15      1.906  16.4  82.5  39.1 136.7 107.4 160.3 159.9  71.8

 Q8        0.52  1.1561  0.4472  0.5690 1.000  1.82   0 O2       1.683
                                                      0 O4       0.669 137.4
                                                      0 C3       1.823  86.6 135.6
                                                      0 C4       0.598  38.0 172.9  48.6
                                                      0 Q13      1.166 127.5  10.4 145.8 165.2
                                                      0 Q4       1.968  13.8 151.1  72.8  24.2 141.2

 Q9        0.52  0.7261  0.5876  0.6453 1.000  1.52   0 O1       0.568
                                                      0 H1       0.664 166.7
                                                      0 O2       1.879 175.9  12.3
                                                      0 C1       1.602  50.1 136.3 127.5
                                                      0 Q12      0.677  47.5 123.6 128.6  52.8
                                                      0 Q4       1.374 171.5  15.0   4.7 123.1 125.2

 Q10       0.49  1.7386  0.1977  0.6211 1.000  2.14   0 O5       1.814
                                                      0 N1       1.668 100.7
                                                      0 C5       0.591 150.6  50.1
                                                      0 C6       0.843  44.2 144.6 163.7
                                                      0 C7       1.984  79.1 176.4 129.8  34.9
                                                      0 C10      1.853 173.2  86.0  36.0 129.0  94.2
                                                      0 Q3       1.132 111.4  10.9  39.3 154.8 168.2  75.3
                                                      0 Q16      1.199 167.8  77.4  28.2 135.5 102.0  14.0  66.6
                                                      0 Q7       1.268  66.2 166.9 142.8  22.3  13.1 107.0 176.2 115.1
                                                      0 Q15      1.930  16.3  97.5 142.9  47.7  81.3 162.4 107.2 151.5  69.7
                                                      0 Q14      1.957  14.2  86.5 136.5  58.3  93.2 172.4  97.2 159.5  80.4  19.2

 Q11       0.47  1.3726  0.3791  0.7010 1.000  2.13   0 N1       1.605
                                                      0 C12      1.706  91.5
                                                      0 C13      0.482  47.7  43.8
                                                      0 H11      0.470 138.0 130.4 172.9
                                                      0 Q17      1.075   8.7  83.4  39.8 146.3

 Q12       0.43  0.7149  0.6550  0.6452 1.000  1.76   0 O1       0.511
                                                      0 H1       1.181  82.4
                                                      0 C1       1.308  79.2 117.7
                                                      0 Q9       0.677  55.0  27.9 102.9
                                                      0 Q1       1.710  78.3 132.9  16.4 114.2
                                                      0 Q4       1.848  92.2  13.5 111.0  37.4 127.2

 Q13       0.43  1.3277  0.3772  0.5613 1.000  1.91   0 H4       1.399
                                                      0 O4       0.522 126.5
                                                      0 C4       1.750 109.5  18.0
                                                      0 Q8       1.166 114.5  13.4   5.0
                                                      0 Q14      2.014  69.1 164.2 176.1 174.9

 Q14       0.42  1.6050  0.2470  0.5426 1.000  1.98   0 O5       0.487
                                                      0 H5       1.181  36.4
                                                      0 C6       1.675  40.8  76.4
                                                      0 Q15      0.648  55.1  55.0  63.2
                                                      0 Q10      1.957  65.9 101.7  25.4  78.1
                                                      0 Q13      2.014 169.9 153.7 129.5 127.0 104.2

 Q15       0.42  1.5972  0.1823  0.5419 1.000  1.71   0 O5       0.544
                                                      0 H5       0.968  60.0
                                                      0 C6       1.499  63.2  91.6
                                                      0 Q14      0.648  47.2  91.7  94.1
                                                      0 Q7       1.906  64.8  80.5  14.2 103.0
                                                      0 Q10      1.930  69.6 113.6  24.6  82.7  38.6

 Q16       0.39  1.7425  0.1692  0.6732 1.000  2.08   0 N1       1.829
                                                      0 C5       0.733  41.2
                                                      0 C6       1.894  80.4  40.6
                                                      0 C9       1.882 167.7 133.1  97.5
                                                      0 C10      0.749 133.2 146.1 133.8  42.2
                                                      0 C11      1.877  96.0 131.7 165.9  83.1  42.3
                                                      0 Q5       1.131 158.3 141.2 110.3  14.6  27.6  68.9
                                                      0 Q10      1.199  62.8  22.4  18.2 113.6 143.1 152.4 125.0
                                                      0 Q3       1.280   8.6  32.7  71.9 163.2 139.1 104.0 160.4  54.2
                                                      0 Q19      1.319 103.6 136.0 160.3  74.4  32.9   9.6  60.0 153.4 111.3
                                                      0 Q17      2.021  15.9  56.9  96.4 161.8 120.0  80.6 147.4  78.7  24.5  88.7

 Q17       0.38  1.4807  0.3154  0.6720 1.000  2.09   0 N1       0.566
                                                      0 H4       1.329  40.1
                                                      0 C5       1.733  42.0  82.1
                                                      0 C12      1.909 140.4 174.1  99.2
                                                      0 C13      0.770 169.0 138.6 137.8  39.1
                                                      0 H11      1.489 145.0 105.6 170.8  72.7  33.7
                                                      0 Q3       1.007  30.7  70.6  11.4 110.6 149.0 174.2
                                                      0 Q11      1.075 154.6 115.6 161.4  62.6  23.6  10.1 171.9
                                                      0 Q16      2.021  62.5 102.1  20.8  79.8 118.9 152.3  31.8 142.3

 Q18       0.38  2.0327  0.0524  0.6128 1.000  2.19   0 C6       1.769
                                                      0 C7       0.662  44.8
                                                      0 H6       1.434  77.7  33.0
                                                      0 C8       0.763 144.4 166.5 136.9
                                                      0 H7       1.513 174.0 138.2 105.7  31.5
                                                      0 C9       1.851 103.3 147.5 176.5  41.7  73.0
                                                      0 Q20      1.217 118.4 162.4 163.7  26.8  58.0  15.1
                                                      0 Q7       1.238   9.4  35.9  68.6 153.8 173.8 112.5 127.6

 Q19       0.38  1.7820  0.1957  0.7302 1.000  2.32   0 C5       1.915
                                                      0 C9       1.986  77.5
                                                      0 C10      0.801  41.5  36.1
                                                      0 C11      0.618 141.3 140.5 172.4
                                                      0 H9       1.377 176.2 104.8 140.7  36.0
                                                      0 C12      1.761  98.0 174.5 139.3  43.6  79.5
                                                      0 Q5       1.235  63.9  13.6  22.4 153.8 118.4 161.6
                                                      0 Q6       1.264 104.6 175.8 145.8  36.9  72.9   6.6 167.9
                                                      0 Q16      1.319  15.4  65.9  30.5 149.4 164.0 109.1  52.4 115.5

 Q20       0.38  2.0708  0.0399  0.6662 1.000  2.27   0 C7       1.859
                                                      0 C8       0.637  38.3
                                                      0 H7       1.349  77.8  39.6
                                                      0 C9       0.747 133.7 169.0 147.7
                                                      0 H8       1.447 169.5 151.5 112.2  35.9
                                                      0 C10      1.931  95.8 133.6 172.4  38.1  74.0
                                                      0 Q18      1.217   6.2  32.7  72.0 139.7 175.6 101.7
                                                      0 Q5       1.388 103.0 140.8 175.4  30.8  66.7   7.3 108.9


 Code/Atom         x       y       z   Height  Symmetry Transformation

   1 O5         2.1762  0.2833  0.4582   3.2   0.5000+X    0.5000-Y    1.0000-Z  
   2 O5         1.1762  0.2833  0.4582   1.1  -0.5000+X    0.5000-Y    1.0000-Z  
   3 H5         1.2216  0.3231  0.4895   1.4  -0.5000+X    0.5000-Y    1.0000-Z  
   4 N1         0.5222  0.2995  0.6499   0.0  -1.0000+X    0.0000+Y    0.0000+Z  
   5 H6         1.5352  0.4648  0.4509   2.6  -0.5000+X    0.5000-Y    1.0000-Z  
   6 H7         0.2183  0.9516  0.6371   1.8  -2.0000+X    1.0000+Y    0.0000+Z  
   7 H9         0.1848  0.6854  0.7088   0.8   2.0000-X    0.5000+Y    1.5000-Z  
   8 H9         1.1848  0.6853  0.7088   2.9   3.0000-X    0.5000+Y    1.5000-Z  
   9 H10        0.5070  0.8432  0.7074   2.1   2.0000-X    0.5000+Y    1.5000-Z  
  10 O1         1.6425  0.6222  0.6479   3.6   1.0000+X    0.0000+Y    0.0000+Z  
  11 O1         1.3575  0.1222  0.8521   1.3   2.0000-X   -0.5000+Y    1.5000-Z  
  12 O2         2.0158  0.4835  0.6345   3.8   1.0000+X    0.0000+Y    0.0000+Z  
  13 O2         1.9842 -0.0164  0.8655   2.0   3.0000-X   -0.5000+Y    1.5000-Z  
  14 O3         2.4112 -0.2432  0.5920   1.8   2.0000+X   -1.0000+Y    0.0000+Z  
  15 O3         0.9112  0.7432  0.4080   2.3   0.5000+X    1.5000-Y    1.0000-Z  
  16 O3         1.5888  0.2568  0.9080   2.3   2.0000-X   -0.5000+Y    1.5000-Z  
  17 O4         1.7558  0.0875  0.4403   1.6   0.5000+X    0.5000-Y    1.0000-Z  
  18 H2         0.1812  0.8126  0.4936   1.1  -0.5000+X    1.5000-Y    1.0000-Z  
  19 H3         0.4952  0.9435  0.5052   2.3  -0.5000+X    1.5000-Y    1.0000-Z  


 Time profile in seconds
 -----------------------

      0.00: Read and process instructions
      0.00: Fit rigid groups
      0.00: Interpret restraints etc.
      0.00: Generate connectivity array
      0.00: Analyse DFIX and DANG restraints
      0.00: Analyse SAME, SADI and NCSY restraints
      0.00: Generate CHIV restraints
      0.00: Check if bonds in residues restrained
      0.00: Generate DELU and RIGU restraints
      0.00: Generate SIMU restraints
      0.00: Generate ISOR restraints
      0.00: Analyse electron density
      0.00: Analyse other restraints etc.
      0.05: Read intensity data, sort/merge etc.
      0.01: Set up constraints
      0.00: OSF, H-atoms from difference map
      0.01: Set up l.s. refinement
      0.00: Generate idealized H-atoms
      0.40: Structure factors and derivatives
      0.18: Sum l.s. matrices
      0.00: Generate and apply antibumping restraints
      0.00: Apply other restraints
      0.13: Solve l.s. equations
      0.00: Generate HTAB table
      0.05: Other dependent quantities, CIF, tables
      0.09: Analysis of variance
      0.04: Merge reflections for Fourier and .fcf
      0.02: Fourier summations
      0.02: Peaksearch
      0.00: Analyse peaklist

 ** WARNING: These times are only approximate for multiple threads.
             To get better estimates run with -t1 **

   Please cite: G.M. Sheldrick (2015) "Crystal structure refinement with
   SHELXL", Acta Cryst., C71, 3-8 (Open Access) if SHELXL proves useful.

 +++++++++++++++++++++++++++++++++++++++++++++++++++++++++++++++++++++++++++++
 +  iam           finished at 07:39:09   Total elapsed time:      1.00 secs  +
 +++++++++++++++++++++++++++++++++++++++++++++++++++++++++++++++++++++++++++++
